{"/Users/joseph/Documents/Coding/SmartInventoryDB/warehouse-bloom/server/src/app.ts": {"path":"/Users/joseph/Documents/Coding/SmartInventoryDB/warehouse-bloom/server/src/app.ts","statementMap":{"0":{"start":{"line":34,"column":0},"end":{"line":34,"column":16}},"1":{"start":{"line":1,"column":0},"end":{"line":1,"column":47}},"2":{"start":{"line":2,"column":0},"end":{"line":2,"column":24}},"3":{"start":{"line":3,"column":0},"end":{"line":3,"column":28}},"4":{"start":{"line":4,"column":0},"end":{"line":4,"column":41}},"5":{"start":{"line":5,"column":0},"end":{"line":5,"column":28}},"6":{"start":{"line":6,"column":0},"end":{"line":6,"column":22}},"7":{"start":{"line":7,"column":0},"end":{"line":7,"column":38}},"8":{"start":{"line":8,"column":0},"end":{"line":8,"column":58}},"9":{"start":{"line":9,"column":0},"end":{"line":9,"column":57}},"10":{"start":{"line":10,"column":0},"end":{"line":10,"column":57}},"11":{"start":{"line":11,"column":0},"end":{"line":11,"column":91}},"12":{"start":{"line":12,"column":0},"end":{"line":12,"column":50}},"13":{"start":{"line":13,"column":0},"end":{"line":13,"column":52}},"14":{"start":{"line":14,"column":0},"end":{"line":14,"column":60}},"15":{"start":{"line":15,"column":0},"end":{"line":15,"column":54}},"16":{"start":{"line":16,"column":0},"end":{"line":16,"column":40}},"17":{"start":{"line":17,"column":0},"end":{"line":17,"column":50}},"18":{"start":{"line":18,"column":0},"end":{"line":18,"column":54}},"19":{"start":{"line":19,"column":0},"end":{"line":19,"column":54}},"20":{"start":{"line":20,"column":0},"end":{"line":20,"column":54}},"21":{"start":{"line":21,"column":0},"end":{"line":21,"column":58}},"22":{"start":{"line":22,"column":0},"end":{"line":22,"column":60}},"23":{"start":{"line":23,"column":0},"end":{"line":23,"column":54}},"24":{"start":{"line":24,"column":0},"end":{"line":24,"column":52}},"25":{"start":{"line":25,"column":0},"end":{"line":25,"column":54}},"26":{"start":{"line":26,"column":0},"end":{"line":26,"column":64}},"27":{"start":{"line":27,"column":0},"end":{"line":27,"column":56}},"28":{"start":{"line":28,"column":0},"end":{"line":28,"column":64}},"29":{"start":{"line":35,"column":14},"end":{"line":35,"column":23}},"30":{"start":{"line":38,"column":2},"end":{"line":52,"column":6}},"31":{"start":{"line":55,"column":25},"end":{"line":55,"column":99}},"32":{"start":{"line":55,"column":74},"end":{"line":55,"column":82}},"33":{"start":{"line":56,"column":2},"end":{"line":66,"column":6}},"34":{"start":{"line":58,"column":6},"end":{"line":58,"column":47}},"35":{"start":{"line":58,"column":19},"end":{"line":58,"column":47}},"36":{"start":{"line":59,"column":6},"end":{"line":61,"column":7}},"37":{"start":{"line":60,"column":8},"end":{"line":60,"column":36}},"38":{"start":{"line":62,"column":6},"end":{"line":62,"column":56}},"39":{"start":{"line":68,"column":2},"end":{"line":74,"column":6}},"40":{"start":{"line":70,"column":6},"end":{"line":70,"column":56}},"41":{"start":{"line":70,"column":43},"end":{"line":70,"column":56}},"42":{"start":{"line":71,"column":6},"end":{"line":71,"column":42}},"43":{"start":{"line":76,"column":2},"end":{"line":82,"column":6}},"44":{"start":{"line":80,"column":7},"end":{"line":80,"column":33}},"45":{"start":{"line":84,"column":2},"end":{"line":84,"column":64}},"46":{"start":{"line":85,"column":2},"end":{"line":85,"column":26}},"47":{"start":{"line":86,"column":2},"end":{"line":86,"column":17}},"48":{"start":{"line":87,"column":2},"end":{"line":87,"column":73}},"49":{"start":{"line":90,"column":2},"end":{"line":93,"column":3}},"50":{"start":{"line":91,"column":4},"end":{"line":91,"column":32}},"51":{"start":{"line":92,"column":4},"end":{"line":92,"column":27}},"52":{"start":{"line":94,"column":2},"end":{"line":94,"column":23}},"53":{"start":{"line":97,"column":2},"end":{"line":97,"column":42}},"54":{"start":{"line":98,"column":2},"end":{"line":98,"column":36}},"55":{"start":{"line":103,"column":2},"end":{"line":103,"column":35}},"56":{"start":{"line":104,"column":2},"end":{"line":104,"column":58}},"57":{"start":{"line":105,"column":2},"end":{"line":105,"column":59}},"58":{"start":{"line":106,"column":2},"end":{"line":106,"column":45}},"59":{"start":{"line":107,"column":2},"end":{"line":107,"column":45}},"60":{"start":{"line":108,"column":2},"end":{"line":108,"column":39}},"61":{"start":{"line":109,"column":2},"end":{"line":109,"column":39}},"62":{"start":{"line":110,"column":2},"end":{"line":110,"column":35}},"63":{"start":{"line":111,"column":2},"end":{"line":111,"column":37}},"64":{"start":{"line":112,"column":2},"end":{"line":112,"column":39}},"65":{"start":{"line":113,"column":2},"end":{"line":113,"column":43}},"66":{"start":{"line":114,"column":2},"end":{"line":114,"column":39}},"67":{"start":{"line":115,"column":2},"end":{"line":115,"column":60}},"68":{"start":{"line":116,"column":2},"end":{"line":116,"column":49}},"69":{"start":{"line":117,"column":2},"end":{"line":117,"column":45}},"70":{"start":{"line":118,"column":2},"end":{"line":118,"column":53}},"71":{"start":{"line":121,"column":2},"end":{"line":121,"column":27}},"72":{"start":{"line":122,"column":2},"end":{"line":122,"column":24}},"73":{"start":{"line":124,"column":2},"end":{"line":124,"column":13}}},"fnMap":{"0":{"name":"createApp","decl":{"start":{"line":34,"column":16},"end":{"line":34,"column":25}},"loc":{"start":{"line":34,"column":25},"end":{"line":125,"column":1}}},"1":{"name":"(anonymous_2)","decl":{"start":{"line":55,"column":69},"end":{"line":55,"column":70}},"loc":{"start":{"line":55,"column":74},"end":{"line":55,"column":82}}},"2":{"name":"(anonymous_3)","decl":{"start":{"line":57,"column":12},"end":{"line":57,"column":13}},"loc":{"start":{"line":57,"column":33},"end":{"line":63,"column":5}}},"3":{"name":"(anonymous_4)","decl":{"start":{"line":69,"column":12},"end":{"line":69,"column":13}},"loc":{"start":{"line":69,"column":25},"end":{"line":72,"column":5}}},"4":{"name":"(anonymous_5)","decl":{"start":{"line":78,"column":12},"end":{"line":78,"column":13}},"loc":{"start":{"line":78,"column":30},"end":{"line":81,"column":5}}}},"branchMap":{"0":{"loc":{"start":{"line":55,"column":26},"end":{"line":55,"column":52}},"type":"binary-expr","locations":[{"start":{"line":55,"column":26},"end":{"line":55,"column":46}},{"start":{"line":55,"column":50},"end":{"line":55,"column":52}}]},"1":{"loc":{"start":{"line":58,"column":6},"end":{"line":58,"column":47}},"type":"if","locations":[{"start":{"line":58,"column":6},"end":{"line":58,"column":47}}]},"2":{"loc":{"start":{"line":59,"column":6},"end":{"line":61,"column":7}},"type":"if","locations":[{"start":{"line":59,"column":6},"end":{"line":61,"column":7}}]},"3":{"loc":{"start":{"line":59,"column":10},"end":{"line":59,"column":67}},"type":"binary-expr","locations":[{"start":{"line":59,"column":10},"end":{"line":59,"column":32}},{"start":{"line":59,"column":36},"end":{"line":59,"column":67}}]},"4":{"loc":{"start":{"line":70,"column":6},"end":{"line":70,"column":56}},"type":"if","locations":[{"start":{"line":70,"column":6},"end":{"line":70,"column":56}}]},"5":{"loc":{"start":{"line":87,"column":17},"end":{"line":87,"column":70}},"type":"cond-expr","locations":[{"start":{"line":87,"column":52},"end":{"line":87,"column":62}},{"start":{"line":87,"column":65},"end":{"line":87,"column":70}}]},"6":{"loc":{"start":{"line":90,"column":2},"end":{"line":93,"column":3}},"type":"if","locations":[{"start":{"line":90,"column":2},"end":{"line":93,"column":3}}]}},"s":{"0":1,"1":1,"2":1,"3":1,"4":1,"5":1,"6":1,"7":1,"8":1,"9":1,"10":1,"11":1,"12":1,"13":1,"14":1,"15":1,"16":1,"17":1,"18":1,"19":1,"20":1,"21":1,"22":1,"23":1,"24":1,"25":1,"26":1,"27":1,"28":1,"29":1,"30":1,"31":1,"32":1,"33":1,"34":45,"35":45,"36":0,"37":0,"38":0,"39":1,"40":45,"41":0,"42":45,"43":1,"44":39,"45":1,"46":1,"47":1,"48":1,"49":1,"50":0,"51":0,"52":1,"53":1,"54":1,"55":1,"56":1,"57":1,"58":1,"59":1,"60":1,"61":1,"62":1,"63":1,"64":1,"65":1,"66":1,"67":1,"68":1,"69":1,"70":1,"71":1,"72":1,"73":1},"f":{"0":1,"1":1,"2":45,"3":45,"4":39},"b":{"0":[1,0],"1":[45],"2":[0],"3":[0,0],"4":[0],"5":[0,1],"6":[0]}}
,"/Users/joseph/Documents/Coding/SmartInventoryDB/warehouse-bloom/server/src/controllers/alerts.controller.ts": {"path":"/Users/joseph/Documents/Coding/SmartInventoryDB/warehouse-bloom/server/src/controllers/alerts.controller.ts","statementMap":{"0":{"start":{"line":14,"column":0},"end":{"line":14,"column":7}},"1":{"start":{"line":50,"column":0},"end":{"line":50,"column":7}},"2":{"start":{"line":64,"column":0},"end":{"line":64,"column":7}},"3":{"start":{"line":73,"column":0},"end":{"line":73,"column":7}},"4":{"start":{"line":2,"column":0},"end":{"line":2,"column":41}},"5":{"start":{"line":3,"column":0},"end":{"line":3,"column":57}},"6":{"start":{"line":4,"column":0},"end":{"line":4,"column":54}},"7":{"start":{"line":5,"column":0},"end":{"line":5,"column":24}},"8":{"start":{"line":7,"column":20},"end":{"line":12,"column":2}},"9":{"start":{"line":15,"column":53},"end":{"line":15,"column":81}},"10":{"start":{"line":17,"column":21},"end":{"line":17,"column":23}},"11":{"start":{"line":18,"column":2},"end":{"line":18,"column":68}},"12":{"start":{"line":18,"column":34},"end":{"line":18,"column":68}},"13":{"start":{"line":19,"column":2},"end":{"line":19,"column":42}},"14":{"start":{"line":19,"column":16},"end":{"line":19,"column":42}},"15":{"start":{"line":21,"column":26},"end":{"line":34,"column":4}},"16":{"start":{"line":36,"column":2},"end":{"line":47,"column":6}},"17":{"start":{"line":51,"column":17},"end":{"line":51,"column":63}},"18":{"start":{"line":53,"column":18},"end":{"line":53,"column":57}},"19":{"start":{"line":54,"column":2},"end":{"line":61,"column":3}},"20":{"start":{"line":55,"column":4},"end":{"line":55,"column":77}},"21":{"start":{"line":57,"column":4},"end":{"line":60,"column":8}},"22":{"start":{"line":65,"column":2},"end":{"line":68,"column":5}},"23":{"start":{"line":70,"column":2},"end":{"line":70,"column":80}},"24":{"start":{"line":74,"column":2},"end":{"line":74,"column":48}},"25":{"start":{"line":75,"column":2},"end":{"line":75,"column":82}}},"fnMap":{"0":{"name":"getAlerts","decl":{"start":{"line":14,"column":22},"end":{"line":14,"column":31}},"loc":{"start":{"line":14,"column":59},"end":{"line":48,"column":1}}},"1":{"name":"acknowledgeAlert","decl":{"start":{"line":50,"column":22},"end":{"line":50,"column":38}},"loc":{"start":{"line":50,"column":66},"end":{"line":62,"column":1}}},"2":{"name":"acknowledgeAllAlerts","decl":{"start":{"line":64,"column":22},"end":{"line":64,"column":42}},"loc":{"start":{"line":64,"column":70},"end":{"line":71,"column":1}}},"3":{"name":"checkLowStockAlerts","decl":{"start":{"line":73,"column":22},"end":{"line":73,"column":41}},"loc":{"start":{"line":73,"column":69},"end":{"line":76,"column":1}}}},"branchMap":{"0":{"loc":{"start":{"line":18,"column":2},"end":{"line":18,"column":68}},"type":"if","locations":[{"start":{"line":18,"column":2},"end":{"line":18,"column":68}}]},"1":{"loc":{"start":{"line":19,"column":2},"end":{"line":19,"column":42}},"type":"if","locations":[{"start":{"line":19,"column":2},"end":{"line":19,"column":42}}]},"2":{"loc":{"start":{"line":54,"column":2},"end":{"line":61,"column":3}},"type":"if","locations":[{"start":{"line":54,"column":2},"end":{"line":61,"column":3}},{"start":{"line":56,"column":9},"end":{"line":61,"column":3}}]}},"s":{"0":1,"1":1,"2":1,"3":1,"4":1,"5":1,"6":1,"7":1,"8":1,"9":0,"10":0,"11":0,"12":0,"13":0,"14":0,"15":0,"16":0,"17":0,"18":0,"19":0,"20":0,"21":0,"22":0,"23":0,"24":0,"25":0},"f":{"0":0,"1":0,"2":0,"3":0},"b":{"0":[0],"1":[0],"2":[0,0]}}
,"/Users/joseph/Documents/Coding/SmartInventoryDB/warehouse-bloom/server/src/controllers/analytics.controller.ts": {"path":"/Users/joseph/Documents/Coding/SmartInventoryDB/warehouse-bloom/server/src/controllers/analytics.controller.ts","statementMap":{"0":{"start":{"line":2,"column":0},"end":{"line":2,"column":65}},"1":{"start":{"line":3,"column":0},"end":{"line":3,"column":54}},"2":{"start":{"line":6,"column":2},"end":{"line":6,"column":31}},"3":{"start":{"line":6,"column":14},"end":{"line":6,"column":31}},"4":{"start":{"line":7,"column":12},"end":{"line":7,"column":27}},"5":{"start":{"line":8,"column":2},"end":{"line":8,"column":44}},"6":{"start":{"line":11,"column":35},"end":{"line":24,"column":1}},"7":{"start":{"line":12,"column":2},"end":{"line":23,"column":3}},"8":{"start":{"line":13,"column":25},"end":{"line":13,"column":68}},"9":{"start":{"line":14,"column":20},"end":{"line":17,"column":6}},"10":{"start":{"line":19,"column":4},"end":{"line":19,"column":88}},"11":{"start":{"line":21,"column":4},"end":{"line":21,"column":52}},"12":{"start":{"line":22,"column":4},"end":{"line":22,"column":109}},"13":{"start":{"line":11,"column":13},"end":{"line":11,"column":35}}},"fnMap":{"0":{"name":"parseDate","decl":{"start":{"line":5,"column":9},"end":{"line":5,"column":18}},"loc":{"start":{"line":5,"column":33},"end":{"line":9,"column":1}}},"1":{"name":"(anonymous_1)","decl":{"start":{"line":11,"column":35},"end":{"line":11,"column":40}},"loc":{"start":{"line":11,"column":73},"end":{"line":24,"column":1}}}},"branchMap":{"0":{"loc":{"start":{"line":6,"column":2},"end":{"line":6,"column":31}},"type":"if","locations":[{"start":{"line":6,"column":2},"end":{"line":6,"column":31}}]},"1":{"loc":{"start":{"line":8,"column":9},"end":{"line":8,"column":43}},"type":"cond-expr","locations":[{"start":{"line":8,"column":30},"end":{"line":8,"column":39}},{"start":{"line":8,"column":42},"end":{"line":8,"column":43}}]}},"s":{"0":1,"1":1,"2":0,"3":0,"4":0,"5":0,"6":1,"7":0,"8":0,"9":0,"10":0,"11":0,"12":0,"13":1},"f":{"0":0,"1":0},"b":{"0":[0],"1":[0,0]}}
,"/Users/joseph/Documents/Coding/SmartInventoryDB/warehouse-bloom/server/src/controllers/auth.controller.ts": {"path":"/Users/joseph/Documents/Coding/SmartInventoryDB/warehouse-bloom/server/src/controllers/auth.controller.ts","statementMap":{"0":{"start":{"line":13,"column":0},"end":{"line":13,"column":7}},"1":{"start":{"line":38,"column":0},"end":{"line":38,"column":7}},"2":{"start":{"line":82,"column":0},"end":{"line":82,"column":7}},"3":{"start":{"line":129,"column":0},"end":{"line":129,"column":7}},"4":{"start":{"line":2,"column":0},"end":{"line":2,"column":55}},"5":{"start":{"line":3,"column":0},"end":{"line":3,"column":72}},"6":{"start":{"line":4,"column":0},"end":{"line":4,"column":49}},"7":{"start":{"line":5,"column":0},"end":{"line":5,"column":41}},"8":{"start":{"line":6,"column":0},"end":{"line":6,"column":54}},"9":{"start":{"line":7,"column":0},"end":{"line":7,"column":39}},"10":{"start":{"line":8,"column":0},"end":{"line":8,"column":24}},"11":{"start":{"line":14,"column":30},"end":{"line":14,"column":60}},"12":{"start":{"line":16,"column":23},"end":{"line":16,"column":63}},"13":{"start":{"line":17,"column":2},"end":{"line":22,"column":3}},"14":{"start":{"line":18,"column":4},"end":{"line":20,"column":80}},"15":{"start":{"line":21,"column":4},"end":{"line":21,"column":11}},"16":{"start":{"line":24,"column":23},"end":{"line":24,"column":51}},"17":{"start":{"line":25,"column":15},"end":{"line":25,"column":64}},"18":{"start":{"line":27,"column":2},"end":{"line":32,"column":4}},"19":{"start":{"line":39,"column":30},"end":{"line":39,"column":57}},"20":{"start":{"line":41,"column":15},"end":{"line":41,"column":69}},"21":{"start":{"line":42,"column":2},"end":{"line":47,"column":3}},"22":{"start":{"line":43,"column":4},"end":{"line":45,"column":80}},"23":{"start":{"line":46,"column":4},"end":{"line":46,"column":11}},"24":{"start":{"line":50,"column":19},"end":{"line":50,"column":58}},"25":{"start":{"line":51,"column":2},"end":{"line":56,"column":3}},"26":{"start":{"line":52,"column":4},"end":{"line":54,"column":83}},"27":{"start":{"line":55,"column":4},"end":{"line":55,"column":11}},"28":{"start":{"line":58,"column":16},"end":{"line":58,"column":78}},"29":{"start":{"line":60,"column":2},"end":{"line":66,"column":5}},"30":{"start":{"line":68,"column":2},"end":{"line":76,"column":4}},"31":{"start":{"line":83,"column":27},"end":{"line":86,"column":20}},"32":{"start":{"line":88,"column":15},"end":{"line":88,"column":62}},"33":{"start":{"line":89,"column":2},"end":{"line":92,"column":3}},"34":{"start":{"line":90,"column":4},"end":{"line":90,"column":89}},"35":{"start":{"line":91,"column":4},"end":{"line":91,"column":11}},"36":{"start":{"line":94,"column":19},"end":{"line":99,"column":4}},"37":{"start":{"line":101,"column":2},"end":{"line":104,"column":3}},"38":{"start":{"line":102,"column":4},"end":{"line":102,"column":99}},"39":{"start":{"line":103,"column":4},"end":{"line":103,"column":11}},"40":{"start":{"line":106,"column":19},"end":{"line":106,"column":81}},"41":{"start":{"line":108,"column":2},"end":{"line":113,"column":5}},"42":{"start":{"line":115,"column":2},"end":{"line":123,"column":4}},"43":{"start":{"line":133,"column":22},"end":{"line":133,"column":30}},"44":{"start":{"line":134,"column":2},"end":{"line":139,"column":3}},"45":{"start":{"line":135,"column":4},"end":{"line":137,"column":78}},"46":{"start":{"line":138,"column":4},"end":{"line":138,"column":11}},"47":{"start":{"line":142,"column":15},"end":{"line":142,"column":61}},"48":{"start":{"line":143,"column":2},"end":{"line":148,"column":3}},"49":{"start":{"line":144,"column":4},"end":{"line":146,"column":75}},"50":{"start":{"line":147,"column":4},"end":{"line":147,"column":11}},"51":{"start":{"line":150,"column":2},"end":{"line":155,"column":4}}},"fnMap":{"0":{"name":"registerUser","decl":{"start":{"line":13,"column":22},"end":{"line":13,"column":34}},"loc":{"start":{"line":13,"column":62},"end":{"line":33,"column":1}}},"1":{"name":"loginUser","decl":{"start":{"line":38,"column":22},"end":{"line":38,"column":31}},"loc":{"start":{"line":38,"column":59},"end":{"line":77,"column":1}}},"2":{"name":"verifyMFALogin","decl":{"start":{"line":82,"column":22},"end":{"line":82,"column":36}},"loc":{"start":{"line":82,"column":64},"end":{"line":124,"column":1}}},"3":{"name":"getCurrentUser","decl":{"start":{"line":129,"column":22},"end":{"line":129,"column":36}},"loc":{"start":{"line":131,"column":15},"end":{"line":156,"column":1}}}},"branchMap":{"0":{"loc":{"start":{"line":17,"column":2},"end":{"line":22,"column":3}},"type":"if","locations":[{"start":{"line":17,"column":2},"end":{"line":22,"column":3}}]},"1":{"loc":{"start":{"line":42,"column":2},"end":{"line":47,"column":3}},"type":"if","locations":[{"start":{"line":42,"column":2},"end":{"line":47,"column":3}}]},"2":{"loc":{"start":{"line":51,"column":2},"end":{"line":56,"column":3}},"type":"if","locations":[{"start":{"line":51,"column":2},"end":{"line":56,"column":3}}]},"3":{"loc":{"start":{"line":63,"column":14},"end":{"line":63,"column":68}},"type":"cond-expr","locations":[{"start":{"line":63,"column":54},"end":{"line":63,"column":60}},{"start":{"line":63,"column":63},"end":{"line":63,"column":68}}]},"4":{"loc":{"start":{"line":89,"column":2},"end":{"line":92,"column":3}},"type":"if","locations":[{"start":{"line":89,"column":2},"end":{"line":92,"column":3}}]},"5":{"loc":{"start":{"line":89,"column":6},"end":{"line":89,"column":62}},"type":"binary-expr","locations":[{"start":{"line":89,"column":6},"end":{"line":89,"column":11}},{"start":{"line":89,"column":15},"end":{"line":89,"column":37}},{"start":{"line":89,"column":41},"end":{"line":89,"column":62}}]},"6":{"loc":{"start":{"line":101,"column":2},"end":{"line":104,"column":3}},"type":"if","locations":[{"start":{"line":101,"column":2},"end":{"line":104,"column":3}}]},"7":{"loc":{"start":{"line":110,"column":14},"end":{"line":110,"column":68}},"type":"cond-expr","locations":[{"start":{"line":110,"column":54},"end":{"line":110,"column":60}},{"start":{"line":110,"column":63},"end":{"line":110,"column":68}}]},"8":{"loc":{"start":{"line":134,"column":2},"end":{"line":139,"column":3}},"type":"if","locations":[{"start":{"line":134,"column":2},"end":{"line":139,"column":3}}]},"9":{"loc":{"start":{"line":143,"column":2},"end":{"line":148,"column":3}},"type":"if","locations":[{"start":{"line":143,"column":2},"end":{"line":148,"column":3}}]}},"s":{"0":1,"1":1,"2":1,"3":1,"4":1,"5":1,"6":1,"7":1,"8":1,"9":1,"10":1,"11":15,"12":15,"13":15,"14":0,"15":0,"16":15,"17":15,"18":15,"19":15,"20":15,"21":15,"22":0,"23":0,"24":15,"25":15,"26":0,"27":0,"28":15,"29":15,"30":15,"31":0,"32":0,"33":0,"34":0,"35":0,"36":0,"37":0,"38":0,"39":0,"40":0,"41":0,"42":0,"43":0,"44":0,"45":0,"46":0,"47":0,"48":0,"49":0,"50":0,"51":0},"f":{"0":15,"1":15,"2":0,"3":0},"b":{"0":[0],"1":[0],"2":[0],"3":[0,15],"4":[0],"5":[0,0,0],"6":[0],"7":[0,0],"8":[0],"9":[0]}}
,"/Users/joseph/Documents/Coding/SmartInventoryDB/warehouse-bloom/server/src/controllers/dashboard.controller.ts": {"path":"/Users/joseph/Documents/Coding/SmartInventoryDB/warehouse-bloom/server/src/controllers/dashboard.controller.ts","statementMap":{"0":{"start":{"line":5,"column":0},"end":{"line":5,"column":7}},"1":{"start":{"line":45,"column":0},"end":{"line":45,"column":7}},"2":{"start":{"line":2,"column":0},"end":{"line":2,"column":41}},"3":{"start":{"line":3,"column":0},"end":{"line":3,"column":54}},"4":{"start":{"line":6,"column":2},"end":{"line":42,"column":3}},"5":{"start":{"line":13,"column":8},"end":{"line":23,"column":6}},"6":{"start":{"line":25,"column":18},"end":{"line":31,"column":6}},"7":{"start":{"line":33,"column":4},"end":{"line":36,"column":8}},"8":{"start":{"line":38,"column":4},"end":{"line":41,"column":8}},"9":{"start":{"line":46,"column":2},"end":{"line":69,"column":3}},"10":{"start":{"line":48,"column":26},"end":{"line":58,"column":6}},"11":{"start":{"line":60,"column":4},"end":{"line":63,"column":8}},"12":{"start":{"line":65,"column":4},"end":{"line":68,"column":8}}},"fnMap":{"0":{"name":"getDashboardStats","decl":{"start":{"line":5,"column":22},"end":{"line":5,"column":39}},"loc":{"start":{"line":5,"column":67},"end":{"line":43,"column":1}}},"1":{"name":"getDashboardAlerts","decl":{"start":{"line":45,"column":22},"end":{"line":45,"column":40}},"loc":{"start":{"line":45,"column":68},"end":{"line":70,"column":1}}}},"branchMap":{"0":{"loc":{"start":{"line":30,"column":18},"end":{"line":30,"column":49}},"type":"binary-expr","locations":[{"start":{"line":30,"column":18},"end":{"line":30,"column":44}},{"start":{"line":30,"column":48},"end":{"line":30,"column":49}}]}},"s":{"0":1,"1":1,"2":1,"3":1,"4":0,"5":0,"6":0,"7":0,"8":0,"9":0,"10":0,"11":0,"12":0},"f":{"0":0,"1":0},"b":{"0":[0,0]}}
,"/Users/joseph/Documents/Coding/SmartInventoryDB/warehouse-bloom/server/src/controllers/invitations.controller.ts": {"path":"/Users/joseph/Documents/Coding/SmartInventoryDB/warehouse-bloom/server/src/controllers/invitations.controller.ts","statementMap":{"0":{"start":{"line":14,"column":0},"end":{"line":14,"column":7}},"1":{"start":{"line":31,"column":0},"end":{"line":31,"column":7}},"2":{"start":{"line":44,"column":0},"end":{"line":44,"column":7}},"3":{"start":{"line":2,"column":0},"end":{"line":2,"column":24}},"4":{"start":{"line":3,"column":0},"end":{"line":3,"column":67}},"5":{"start":{"line":4,"column":0},"end":{"line":4,"column":54}},"6":{"start":{"line":5,"column":0},"end":{"line":5,"column":41}},"7":{"start":{"line":7,"column":21},"end":{"line":10,"column":2}},"8":{"start":{"line":12,"column":21},"end":{"line":12,"column":60}},"9":{"start":{"line":15,"column":2},"end":{"line":28,"column":3}},"10":{"start":{"line":16,"column":4},"end":{"line":18,"column":5}},"11":{"start":{"line":17,"column":6},"end":{"line":17,"column":92}},"12":{"start":{"line":19,"column":28},"end":{"line":19,"column":56}},"13":{"start":{"line":20,"column":23},"end":{"line":20,"column":89}},"14":{"start":{"line":22,"column":4},"end":{"line":22,"column":98}},"15":{"start":{"line":24,"column":4},"end":{"line":26,"column":5}},"16":{"start":{"line":25,"column":6},"end":{"line":25,"column":99}},"17":{"start":{"line":27,"column":4},"end":{"line":27,"column":101}},"18":{"start":{"line":32,"column":2},"end":{"line":41,"column":3}},"19":{"start":{"line":33,"column":27},"end":{"line":33,"column":57}},"20":{"start":{"line":34,"column":4},"end":{"line":36,"column":5}},"21":{"start":{"line":35,"column":6},"end":{"line":35,"column":115}},"22":{"start":{"line":37,"column":24},"end":{"line":37,"column":94}},"23":{"start":{"line":38,"column":4},"end":{"line":38,"column":90}},"24":{"start":{"line":40,"column":4},"end":{"line":40,"column":101}},"25":{"start":{"line":45,"column":2},"end":{"line":73,"column":3}},"26":{"start":{"line":46,"column":22},"end":{"line":46,"column":50}},"27":{"start":{"line":47,"column":23},"end":{"line":47,"column":72}},"28":{"start":{"line":48,"column":4},"end":{"line":50,"column":5}},"29":{"start":{"line":49,"column":6},"end":{"line":49,"column":112}},"30":{"start":{"line":51,"column":4},"end":{"line":53,"column":5}},"31":{"start":{"line":52,"column":6},"end":{"line":52,"column":106}},"32":{"start":{"line":54,"column":4},"end":{"line":65,"column":5}},"33":{"start":{"line":55,"column":6},"end":{"line":55,"column":54}},"34":{"start":{"line":57,"column":19},"end":{"line":57,"column":29}},"35":{"start":{"line":58,"column":42},"end":{"line":62,"column":8}},"36":{"start":{"line":63,"column":18},"end":{"line":63,"column":60}},"37":{"start":{"line":64,"column":6},"end":{"line":64,"column":84}},"38":{"start":{"line":67,"column":4},"end":{"line":67,"column":123}},"39":{"start":{"line":69,"column":4},"end":{"line":71,"column":5}},"40":{"start":{"line":70,"column":6},"end":{"line":70,"column":99}},"41":{"start":{"line":72,"column":4},"end":{"line":72,"column":101}}},"fnMap":{"0":{"name":"createInvitation","decl":{"start":{"line":14,"column":22},"end":{"line":14,"column":38}},"loc":{"start":{"line":14,"column":66},"end":{"line":29,"column":1}}},"1":{"name":"listInvitations","decl":{"start":{"line":31,"column":22},"end":{"line":31,"column":37}},"loc":{"start":{"line":31,"column":66},"end":{"line":42,"column":1}}},"2":{"name":"acceptInvitation","decl":{"start":{"line":44,"column":22},"end":{"line":44,"column":38}},"loc":{"start":{"line":44,"column":66},"end":{"line":74,"column":1}}}},"branchMap":{"0":{"loc":{"start":{"line":16,"column":4},"end":{"line":18,"column":5}},"type":"if","locations":[{"start":{"line":16,"column":4},"end":{"line":18,"column":5}}]},"1":{"loc":{"start":{"line":24,"column":4},"end":{"line":26,"column":5}},"type":"if","locations":[{"start":{"line":24,"column":4},"end":{"line":26,"column":5}}]},"2":{"loc":{"start":{"line":34,"column":4},"end":{"line":36,"column":5}},"type":"if","locations":[{"start":{"line":34,"column":4},"end":{"line":36,"column":5}}]},"3":{"loc":{"start":{"line":48,"column":4},"end":{"line":50,"column":5}},"type":"if","locations":[{"start":{"line":48,"column":4},"end":{"line":50,"column":5}}]},"4":{"loc":{"start":{"line":51,"column":4},"end":{"line":53,"column":5}},"type":"if","locations":[{"start":{"line":51,"column":4},"end":{"line":53,"column":5}}]},"5":{"loc":{"start":{"line":63,"column":18},"end":{"line":63,"column":60}},"type":"binary-expr","locations":[{"start":{"line":63,"column":18},"end":{"line":63,"column":27}},{"start":{"line":63,"column":31},"end":{"line":63,"column":60}}]},"6":{"loc":{"start":{"line":69,"column":4},"end":{"line":71,"column":5}},"type":"if","locations":[{"start":{"line":69,"column":4},"end":{"line":71,"column":5}}]}},"s":{"0":1,"1":1,"2":1,"3":1,"4":1,"5":1,"6":1,"7":1,"8":1,"9":0,"10":0,"11":0,"12":0,"13":0,"14":0,"15":0,"16":0,"17":0,"18":0,"19":0,"20":0,"21":0,"22":0,"23":0,"24":0,"25":0,"26":0,"27":0,"28":0,"29":0,"30":0,"31":0,"32":0,"33":0,"34":0,"35":0,"36":0,"37":0,"38":0,"39":0,"40":0,"41":0},"f":{"0":0,"1":0,"2":0},"b":{"0":[0],"1":[0],"2":[0],"3":[0],"4":[0],"5":[0,0],"6":[0]}}
,"/Users/joseph/Documents/Coding/SmartInventoryDB/warehouse-bloom/server/src/controllers/items.controller.ts": {"path":"/Users/joseph/Documents/Coding/SmartInventoryDB/warehouse-bloom/server/src/controllers/items.controller.ts","statementMap":{"0":{"start":{"line":12,"column":0},"end":{"line":12,"column":7}},"1":{"start":{"line":47,"column":0},"end":{"line":47,"column":7}},"2":{"start":{"line":84,"column":0},"end":{"line":84,"column":7}},"3":{"start":{"line":102,"column":0},"end":{"line":102,"column":7}},"4":{"start":{"line":146,"column":0},"end":{"line":146,"column":7}},"5":{"start":{"line":161,"column":0},"end":{"line":161,"column":7}},"6":{"start":{"line":180,"column":0},"end":{"line":180,"column":7}},"7":{"start":{"line":2,"column":0},"end":{"line":2,"column":55}},"8":{"start":{"line":3,"column":0},"end":{"line":3,"column":59}},"9":{"start":{"line":4,"column":0},"end":{"line":4,"column":57}},"10":{"start":{"line":5,"column":0},"end":{"line":5,"column":97}},"11":{"start":{"line":6,"column":0},"end":{"line":6,"column":54}},"12":{"start":{"line":7,"column":0},"end":{"line":7,"column":24}},"13":{"start":{"line":13,"column":2},"end":{"line":41,"column":3}},"14":{"start":{"line":14,"column":19},"end":{"line":14,"column":52}},"15":{"start":{"line":15,"column":72},"end":{"line":15,"column":78}},"16":{"start":{"line":16,"column":21},"end":{"line":16,"column":46}},"17":{"start":{"line":18,"column":19},"end":{"line":23,"column":6}},"18":{"start":{"line":25,"column":4},"end":{"line":28,"column":7}},"19":{"start":{"line":30,"column":4},"end":{"line":33,"column":8}},"20":{"start":{"line":35,"column":4},"end":{"line":38,"column":5}},"21":{"start":{"line":36,"column":6},"end":{"line":36,"column":149}},"22":{"start":{"line":37,"column":6},"end":{"line":37,"column":13}},"23":{"start":{"line":39,"column":4},"end":{"line":39,"column":41}},"24":{"start":{"line":40,"column":4},"end":{"line":40,"column":98}},"25":{"start":{"line":48,"column":2},"end":{"line":78,"column":3}},"26":{"start":{"line":49,"column":21},"end":{"line":49,"column":53}},"27":{"start":{"line":50,"column":19},"end":{"line":50,"column":31}},"28":{"start":{"line":52,"column":17},"end":{"line":52,"column":79}},"29":{"start":{"line":54,"column":4},"end":{"line":57,"column":8}},"30":{"start":{"line":60,"column":4},"end":{"line":68,"column":5}},"31":{"start":{"line":61,"column":19},"end":{"line":61,"column":141}},"32":{"start":{"line":61,"column":53},"end":{"line":61,"column":97}},"33":{"start":{"line":61,"column":98},"end":{"line":61,"column":109}},"34":{"start":{"line":62,"column":6},"end":{"line":66,"column":10}},"35":{"start":{"line":67,"column":6},"end":{"line":67,"column":13}},"36":{"start":{"line":69,"column":4},"end":{"line":75,"column":5}},"37":{"start":{"line":70,"column":6},"end":{"line":73,"column":10}},"38":{"start":{"line":74,"column":6},"end":{"line":74,"column":13}},"39":{"start":{"line":77,"column":4},"end":{"line":77,"column":16}},"40":{"start":{"line":85,"column":17},"end":{"line":85,"column":63}},"41":{"start":{"line":87,"column":15},"end":{"line":87,"column":48}},"42":{"start":{"line":88,"column":2},"end":{"line":91,"column":3}},"43":{"start":{"line":89,"column":4},"end":{"line":89,"column":88}},"44":{"start":{"line":90,"column":4},"end":{"line":90,"column":11}},"45":{"start":{"line":93,"column":2},"end":{"line":96,"column":6}},"46":{"start":{"line":103,"column":2},"end":{"line":140,"column":3}},"47":{"start":{"line":104,"column":19},"end":{"line":104,"column":65}},"48":{"start":{"line":105,"column":23},"end":{"line":105,"column":55}},"49":{"start":{"line":107,"column":17},"end":{"line":107,"column":61}},"50":{"start":{"line":108,"column":4},"end":{"line":111,"column":5}},"51":{"start":{"line":109,"column":6},"end":{"line":109,"column":90}},"52":{"start":{"line":110,"column":6},"end":{"line":110,"column":13}},"53":{"start":{"line":114,"column":4},"end":{"line":116,"column":5}},"54":{"start":{"line":115,"column":6},"end":{"line":115,"column":70}},"55":{"start":{"line":118,"column":4},"end":{"line":121,"column":8}},"56":{"start":{"line":123,"column":4},"end":{"line":131,"column":5}},"57":{"start":{"line":124,"column":19},"end":{"line":124,"column":141}},"58":{"start":{"line":124,"column":53},"end":{"line":124,"column":97}},"59":{"start":{"line":124,"column":98},"end":{"line":124,"column":109}},"60":{"start":{"line":125,"column":6},"end":{"line":129,"column":10}},"61":{"start":{"line":130,"column":6},"end":{"line":130,"column":13}},"62":{"start":{"line":132,"column":4},"end":{"line":138,"column":5}},"63":{"start":{"line":133,"column":6},"end":{"line":136,"column":10}},"64":{"start":{"line":137,"column":6},"end":{"line":137,"column":13}},"65":{"start":{"line":139,"column":4},"end":{"line":139,"column":16}},"66":{"start":{"line":147,"column":17},"end":{"line":147,"column":63}},"67":{"start":{"line":149,"column":18},"end":{"line":149,"column":50}},"68":{"start":{"line":150,"column":2},"end":{"line":153,"column":3}},"69":{"start":{"line":151,"column":4},"end":{"line":151,"column":88}},"70":{"start":{"line":152,"column":4},"end":{"line":152,"column":11}},"71":{"start":{"line":155,"column":2},"end":{"line":155,"column":25}},"72":{"start":{"line":162,"column":17},"end":{"line":162,"column":63}},"73":{"start":{"line":163,"column":21},"end":{"line":163,"column":80}},"74":{"start":{"line":165,"column":15},"end":{"line":165,"column":56}},"75":{"start":{"line":166,"column":2},"end":{"line":169,"column":3}},"76":{"start":{"line":167,"column":4},"end":{"line":167,"column":88}},"77":{"start":{"line":168,"column":4},"end":{"line":168,"column":11}},"78":{"start":{"line":171,"column":2},"end":{"line":174,"column":6}},"79":{"start":{"line":181,"column":16},"end":{"line":181,"column":54}},"80":{"start":{"line":182,"column":2},"end":{"line":182,"column":98}}},"fnMap":{"0":{"name":"getItems","decl":{"start":{"line":12,"column":22},"end":{"line":12,"column":30}},"loc":{"start":{"line":12,"column":58},"end":{"line":42,"column":1}}},"1":{"name":"createItem","decl":{"start":{"line":47,"column":22},"end":{"line":47,"column":32}},"loc":{"start":{"line":47,"column":60},"end":{"line":79,"column":1}}},"2":{"name":"(anonymous_2)","decl":{"start":{"line":61,"column":39},"end":{"line":61,"column":40}},"loc":{"start":{"line":61,"column":50},"end":{"line":61,"column":111}}},"3":{"name":"getItemById","decl":{"start":{"line":84,"column":22},"end":{"line":84,"column":33}},"loc":{"start":{"line":84,"column":61},"end":{"line":97,"column":1}}},"4":{"name":"updateItemById","decl":{"start":{"line":102,"column":22},"end":{"line":102,"column":36}},"loc":{"start":{"line":102,"column":64},"end":{"line":141,"column":1}}},"5":{"name":"(anonymous_5)","decl":{"start":{"line":124,"column":39},"end":{"line":124,"column":40}},"loc":{"start":{"line":124,"column":50},"end":{"line":124,"column":111}}},"6":{"name":"deleteItemById","decl":{"start":{"line":146,"column":22},"end":{"line":146,"column":36}},"loc":{"start":{"line":146,"column":64},"end":{"line":156,"column":1}}},"7":{"name":"restockItem","decl":{"start":{"line":161,"column":22},"end":{"line":161,"column":33}},"loc":{"start":{"line":161,"column":61},"end":{"line":175,"column":1}}},"8":{"name":"getLowStock","decl":{"start":{"line":180,"column":22},"end":{"line":180,"column":33}},"loc":{"start":{"line":180,"column":62},"end":{"line":183,"column":1}}}},"branchMap":{"0":{"loc":{"start":{"line":15,"column":12},"end":{"line":15,"column":20}},"type":"default-arg","locations":[{"start":{"line":15,"column":19},"end":{"line":15,"column":20}}]},"1":{"loc":{"start":{"line":15,"column":32},"end":{"line":15,"column":48}},"type":"default-arg","locations":[{"start":{"line":15,"column":46},"end":{"line":15,"column":48}}]},"2":{"loc":{"start":{"line":35,"column":4},"end":{"line":38,"column":5}},"type":"if","locations":[{"start":{"line":35,"column":4},"end":{"line":38,"column":5}}]},"3":{"loc":{"start":{"line":36,"column":105},"end":{"line":36,"column":144}},"type":"cond-expr","locations":[{"start":{"line":36,"column":119},"end":{"line":36,"column":132}},{"start":{"line":36,"column":135},"end":{"line":36,"column":144}}]},"4":{"loc":{"start":{"line":60,"column":4},"end":{"line":68,"column":5}},"type":"if","locations":[{"start":{"line":60,"column":4},"end":{"line":68,"column":5}}]},"5":{"loc":{"start":{"line":61,"column":57},"end":{"line":61,"column":83}},"type":"binary-expr","locations":[{"start":{"line":61,"column":57},"end":{"line":61,"column":73}},{"start":{"line":61,"column":77},"end":{"line":61,"column":83}}]},"6":{"loc":{"start":{"line":69,"column":4},"end":{"line":75,"column":5}},"type":"if","locations":[{"start":{"line":69,"column":4},"end":{"line":75,"column":5}}]},"7":{"loc":{"start":{"line":88,"column":2},"end":{"line":91,"column":3}},"type":"if","locations":[{"start":{"line":88,"column":2},"end":{"line":91,"column":3}}]},"8":{"loc":{"start":{"line":108,"column":4},"end":{"line":111,"column":5}},"type":"if","locations":[{"start":{"line":108,"column":4},"end":{"line":111,"column":5}}]},"9":{"loc":{"start":{"line":114,"column":4},"end":{"line":116,"column":5}},"type":"if","locations":[{"start":{"line":114,"column":4},"end":{"line":116,"column":5}}]},"10":{"loc":{"start":{"line":123,"column":4},"end":{"line":131,"column":5}},"type":"if","locations":[{"start":{"line":123,"column":4},"end":{"line":131,"column":5}}]},"11":{"loc":{"start":{"line":124,"column":57},"end":{"line":124,"column":83}},"type":"binary-expr","locations":[{"start":{"line":124,"column":57},"end":{"line":124,"column":73}},{"start":{"line":124,"column":77},"end":{"line":124,"column":83}}]},"12":{"loc":{"start":{"line":132,"column":4},"end":{"line":138,"column":5}},"type":"if","locations":[{"start":{"line":132,"column":4},"end":{"line":138,"column":5}}]},"13":{"loc":{"start":{"line":150,"column":2},"end":{"line":153,"column":3}},"type":"if","locations":[{"start":{"line":150,"column":2},"end":{"line":153,"column":3}}]},"14":{"loc":{"start":{"line":166,"column":2},"end":{"line":169,"column":3}},"type":"if","locations":[{"start":{"line":166,"column":2},"end":{"line":169,"column":3}}]}},"s":{"0":1,"1":1,"2":1,"3":1,"4":1,"5":1,"6":1,"7":1,"8":1,"9":1,"10":1,"11":1,"12":1,"13":0,"14":0,"15":0,"16":0,"17":0,"18":0,"19":0,"20":0,"21":0,"22":0,"23":0,"24":0,"25":0,"26":0,"27":0,"28":0,"29":0,"30":0,"31":0,"32":0,"33":0,"34":0,"35":0,"36":0,"37":0,"38":0,"39":0,"40":0,"41":0,"42":0,"43":0,"44":0,"45":0,"46":0,"47":0,"48":0,"49":0,"50":0,"51":0,"52":0,"53":0,"54":0,"55":0,"56":0,"57":0,"58":0,"59":0,"60":0,"61":0,"62":0,"63":0,"64":0,"65":0,"66":0,"67":0,"68":0,"69":0,"70":0,"71":0,"72":0,"73":0,"74":0,"75":0,"76":0,"77":0,"78":0,"79":0,"80":0},"f":{"0":0,"1":0,"2":0,"3":0,"4":0,"5":0,"6":0,"7":0,"8":0},"b":{"0":[0],"1":[0],"2":[0],"3":[0,0],"4":[0],"5":[0,0],"6":[0],"7":[0],"8":[0],"9":[0],"10":[0],"11":[0,0],"12":[0],"13":[0],"14":[0]}}
,"/Users/joseph/Documents/Coding/SmartInventoryDB/warehouse-bloom/server/src/controllers/notification.controller.ts": {"path":"/Users/joseph/Documents/Coding/SmartInventoryDB/warehouse-bloom/server/src/controllers/notification.controller.ts","statementMap":{"0":{"start":{"line":6,"column":0},"end":{"line":6,"column":7}},"1":{"start":{"line":12,"column":0},"end":{"line":12,"column":7}},"2":{"start":{"line":20,"column":0},"end":{"line":20,"column":7}},"3":{"start":{"line":30,"column":0},"end":{"line":30,"column":7}},"4":{"start":{"line":2,"column":0},"end":{"line":2,"column":71}},"5":{"start":{"line":3,"column":0},"end":{"line":3,"column":54}},"6":{"start":{"line":4,"column":0},"end":{"line":4,"column":24}},"7":{"start":{"line":7,"column":17},"end":{"line":7,"column":29}},"8":{"start":{"line":8,"column":16},"end":{"line":8,"column":61}},"9":{"start":{"line":9,"column":2},"end":{"line":9,"column":63}},"10":{"start":{"line":13,"column":17},"end":{"line":13,"column":29}},"11":{"start":{"line":14,"column":16},"end":{"line":14,"column":61}},"12":{"start":{"line":15,"column":2},"end":{"line":15,"column":48}},"13":{"start":{"line":18,"column":19},"end":{"line":18,"column":54}},"14":{"start":{"line":21,"column":2},"end":{"line":27,"column":3}},"15":{"start":{"line":22,"column":19},"end":{"line":22,"column":47}},"16":{"start":{"line":23,"column":4},"end":{"line":23,"column":57}},"17":{"start":{"line":24,"column":4},"end":{"line":24,"column":70}},"18":{"start":{"line":26,"column":4},"end":{"line":26,"column":97}},"19":{"start":{"line":31,"column":2},"end":{"line":31,"column":54}},"20":{"start":{"line":32,"column":2},"end":{"line":32,"column":73}}},"fnMap":{"0":{"name":"listNotifications","decl":{"start":{"line":6,"column":22},"end":{"line":6,"column":39}},"loc":{"start":{"line":6,"column":67},"end":{"line":10,"column":1}}},"1":{"name":"unreadCount","decl":{"start":{"line":12,"column":22},"end":{"line":12,"column":33}},"loc":{"start":{"line":12,"column":61},"end":{"line":16,"column":1}}},"2":{"name":"markNotificationRead","decl":{"start":{"line":20,"column":22},"end":{"line":20,"column":42}},"loc":{"start":{"line":20,"column":70},"end":{"line":28,"column":1}}},"3":{"name":"markAllNotificationsRead","decl":{"start":{"line":30,"column":22},"end":{"line":30,"column":46}},"loc":{"start":{"line":30,"column":74},"end":{"line":33,"column":1}}}},"branchMap":{},"s":{"0":1,"1":1,"2":1,"3":1,"4":1,"5":1,"6":1,"7":0,"8":0,"9":0,"10":0,"11":0,"12":0,"13":1,"14":0,"15":0,"16":0,"17":0,"18":0,"19":0,"20":0},"f":{"0":0,"1":0,"2":0,"3":0},"b":{}}
,"/Users/joseph/Documents/Coding/SmartInventoryDB/warehouse-bloom/server/src/controllers/orders.controller.ts": {"path":"/Users/joseph/Documents/Coding/SmartInventoryDB/warehouse-bloom/server/src/controllers/orders.controller.ts","statementMap":{"0":{"start":{"line":19,"column":0},"end":{"line":19,"column":7}},"1":{"start":{"line":39,"column":0},"end":{"line":39,"column":7}},"2":{"start":{"line":46,"column":0},"end":{"line":46,"column":7}},"3":{"start":{"line":65,"column":0},"end":{"line":65,"column":7}},"4":{"start":{"line":2,"column":0},"end":{"line":2,"column":58}},"5":{"start":{"line":3,"column":0},"end":{"line":3,"column":57}},"6":{"start":{"line":4,"column":0},"end":{"line":4,"column":24}},"7":{"start":{"line":6,"column":19},"end":{"line":11,"column":20}},"8":{"start":{"line":13,"column":26},"end":{"line":15,"column":2}},"9":{"start":{"line":17,"column":27},"end":{"line":17,"column":119}},"10":{"start":{"line":20,"column":2},"end":{"line":36,"column":3}},"11":{"start":{"line":21,"column":19},"end":{"line":21,"column":46}},"12":{"start":{"line":22,"column":60},"end":{"line":22,"column":66}},"13":{"start":{"line":23,"column":21},"end":{"line":23,"column":46}},"14":{"start":{"line":24,"column":19},"end":{"line":24,"column":85}},"15":{"start":{"line":25,"column":4},"end":{"line":28,"column":7}},"16":{"start":{"line":29,"column":4},"end":{"line":29,"column":58}},"17":{"start":{"line":31,"column":4},"end":{"line":34,"column":5}},"18":{"start":{"line":32,"column":6},"end":{"line":32,"column":104}},"19":{"start":{"line":33,"column":6},"end":{"line":33,"column":13}},"20":{"start":{"line":35,"column":4},"end":{"line":35,"column":16}},"21":{"start":{"line":40,"column":17},"end":{"line":40,"column":63}},"22":{"start":{"line":41,"column":16},"end":{"line":41,"column":48}},"23":{"start":{"line":42,"column":2},"end":{"line":42,"column":95}},"24":{"start":{"line":42,"column":16},"end":{"line":42,"column":85}},"25":{"start":{"line":42,"column":86},"end":{"line":42,"column":93}},"26":{"start":{"line":43,"column":2},"end":{"line":43,"column":59}},"27":{"start":{"line":47,"column":2},"end":{"line":62,"column":3}},"28":{"start":{"line":48,"column":22},"end":{"line":48,"column":55}},"29":{"start":{"line":49,"column":19},"end":{"line":49,"column":31}},"30":{"start":{"line":50,"column":18},"end":{"line":50,"column":68}},"31":{"start":{"line":51,"column":4},"end":{"line":51,"column":61}},"32":{"start":{"line":53,"column":4},"end":{"line":56,"column":5}},"33":{"start":{"line":54,"column":6},"end":{"line":54,"column":104}},"34":{"start":{"line":55,"column":6},"end":{"line":55,"column":13}},"35":{"start":{"line":57,"column":4},"end":{"line":60,"column":5}},"36":{"start":{"line":58,"column":6},"end":{"line":58,"column":71}},"37":{"start":{"line":59,"column":6},"end":{"line":59,"column":13}},"38":{"start":{"line":61,"column":4},"end":{"line":61,"column":16}},"39":{"start":{"line":66,"column":2},"end":{"line":82,"column":3}},"40":{"start":{"line":67,"column":19},"end":{"line":67,"column":65}},"41":{"start":{"line":68,"column":23},"end":{"line":68,"column":57}},"42":{"start":{"line":69,"column":4},"end":{"line":69,"column":56}},"43":{"start":{"line":70,"column":4},"end":{"line":70,"column":52}},"44":{"start":{"line":71,"column":4},"end":{"line":71,"column":77}},"45":{"start":{"line":73,"column":4},"end":{"line":76,"column":5}},"46":{"start":{"line":74,"column":6},"end":{"line":74,"column":104}},"47":{"start":{"line":75,"column":6},"end":{"line":75,"column":13}},"48":{"start":{"line":77,"column":4},"end":{"line":80,"column":5}},"49":{"start":{"line":78,"column":6},"end":{"line":78,"column":71}},"50":{"start":{"line":79,"column":6},"end":{"line":79,"column":13}},"51":{"start":{"line":81,"column":4},"end":{"line":81,"column":16}}},"fnMap":{"0":{"name":"listOrders","decl":{"start":{"line":19,"column":22},"end":{"line":19,"column":32}},"loc":{"start":{"line":19,"column":60},"end":{"line":37,"column":1}}},"1":{"name":"getOrder","decl":{"start":{"line":39,"column":22},"end":{"line":39,"column":30}},"loc":{"start":{"line":39,"column":58},"end":{"line":44,"column":1}}},"2":{"name":"createOrder","decl":{"start":{"line":46,"column":22},"end":{"line":46,"column":33}},"loc":{"start":{"line":46,"column":61},"end":{"line":63,"column":1}}},"3":{"name":"updateOrderStatus","decl":{"start":{"line":65,"column":22},"end":{"line":65,"column":39}},"loc":{"start":{"line":65,"column":67},"end":{"line":83,"column":1}}}},"branchMap":{"0":{"loc":{"start":{"line":31,"column":4},"end":{"line":34,"column":5}},"type":"if","locations":[{"start":{"line":31,"column":4},"end":{"line":34,"column":5}}]},"1":{"loc":{"start":{"line":42,"column":2},"end":{"line":42,"column":95}},"type":"if","locations":[{"start":{"line":42,"column":2},"end":{"line":42,"column":95}}]},"2":{"loc":{"start":{"line":53,"column":4},"end":{"line":56,"column":5}},"type":"if","locations":[{"start":{"line":53,"column":4},"end":{"line":56,"column":5}}]},"3":{"loc":{"start":{"line":57,"column":4},"end":{"line":60,"column":5}},"type":"if","locations":[{"start":{"line":57,"column":4},"end":{"line":60,"column":5}}]},"4":{"loc":{"start":{"line":73,"column":4},"end":{"line":76,"column":5}},"type":"if","locations":[{"start":{"line":73,"column":4},"end":{"line":76,"column":5}}]},"5":{"loc":{"start":{"line":77,"column":4},"end":{"line":80,"column":5}},"type":"if","locations":[{"start":{"line":77,"column":4},"end":{"line":80,"column":5}}]}},"s":{"0":1,"1":1,"2":1,"3":1,"4":1,"5":1,"6":1,"7":1,"8":1,"9":1,"10":0,"11":0,"12":0,"13":0,"14":0,"15":0,"16":0,"17":0,"18":0,"19":0,"20":0,"21":0,"22":0,"23":0,"24":0,"25":0,"26":0,"27":0,"28":0,"29":0,"30":0,"31":0,"32":0,"33":0,"34":0,"35":0,"36":0,"37":0,"38":0,"39":0,"40":0,"41":0,"42":0,"43":0,"44":0,"45":0,"46":0,"47":0,"48":0,"49":0,"50":0,"51":0},"f":{"0":0,"1":0,"2":0,"3":0},"b":{"0":[0],"1":[0],"2":[0],"3":[0],"4":[0],"5":[0]}}
,"/Users/joseph/Documents/Coding/SmartInventoryDB/warehouse-bloom/server/src/controllers/session.controller.ts": {"path":"/Users/joseph/Documents/Coding/SmartInventoryDB/warehouse-bloom/server/src/controllers/session.controller.ts","statementMap":{"0":{"start":{"line":5,"column":0},"end":{"line":5,"column":7}},"1":{"start":{"line":13,"column":0},"end":{"line":13,"column":7}},"2":{"start":{"line":27,"column":0},"end":{"line":27,"column":7}},"3":{"start":{"line":2,"column":0},"end":{"line":2,"column":61}},"4":{"start":{"line":3,"column":0},"end":{"line":3,"column":54}},"5":{"start":{"line":6,"column":19},"end":{"line":6,"column":69}},"6":{"start":{"line":7,"column":2},"end":{"line":10,"column":6}},"7":{"start":{"line":14,"column":24},"end":{"line":14,"column":34}},"8":{"start":{"line":15,"column":18},"end":{"line":15,"column":63}},"9":{"start":{"line":17,"column":2},"end":{"line":24,"column":3}},"10":{"start":{"line":18,"column":4},"end":{"line":18,"column":74}},"11":{"start":{"line":20,"column":4},"end":{"line":23,"column":8}},"12":{"start":{"line":28,"column":27},"end":{"line":28,"column":64}},"13":{"start":{"line":29,"column":2},"end":{"line":29,"column":77}},"14":{"start":{"line":30,"column":2},"end":{"line":30,"column":77}}},"fnMap":{"0":{"name":"getUserSessions","decl":{"start":{"line":5,"column":22},"end":{"line":5,"column":37}},"loc":{"start":{"line":5,"column":65},"end":{"line":11,"column":1}}},"1":{"name":"revokeSession","decl":{"start":{"line":13,"column":22},"end":{"line":13,"column":35}},"loc":{"start":{"line":13,"column":63},"end":{"line":25,"column":1}}},"2":{"name":"revokeAllSessions","decl":{"start":{"line":27,"column":22},"end":{"line":27,"column":39}},"loc":{"start":{"line":27,"column":67},"end":{"line":31,"column":1}}}},"branchMap":{"0":{"loc":{"start":{"line":17,"column":2},"end":{"line":24,"column":3}},"type":"if","locations":[{"start":{"line":17,"column":2},"end":{"line":24,"column":3}},{"start":{"line":19,"column":9},"end":{"line":24,"column":3}}]}},"s":{"0":0,"1":0,"2":0,"3":0,"4":0,"5":0,"6":0,"7":0,"8":0,"9":0,"10":0,"11":0,"12":0,"13":0,"14":0},"f":{"0":0,"1":0,"2":0},"b":{"0":[0,0]}}
,"/Users/joseph/Documents/Coding/SmartInventoryDB/warehouse-bloom/server/src/controllers/shipments.controller.ts": {"path":"/Users/joseph/Documents/Coding/SmartInventoryDB/warehouse-bloom/server/src/controllers/shipments.controller.ts","statementMap":{"0":{"start":{"line":32,"column":0},"end":{"line":32,"column":7}},"1":{"start":{"line":60,"column":0},"end":{"line":60,"column":7}},"2":{"start":{"line":72,"column":0},"end":{"line":72,"column":7}},"3":{"start":{"line":81,"column":0},"end":{"line":81,"column":7}},"4":{"start":{"line":88,"column":0},"end":{"line":88,"column":7}},"5":{"start":{"line":94,"column":0},"end":{"line":94,"column":7}},"6":{"start":{"line":2,"column":0},"end":{"line":2,"column":63}},"7":{"start":{"line":3,"column":0},"end":{"line":3,"column":24}},"8":{"start":{"line":5,"column":29},"end":{"line":11,"column":2}},"9":{"start":{"line":13,"column":27},"end":{"line":15,"column":2}},"10":{"start":{"line":17,"column":29},"end":{"line":23,"column":91}},"11":{"start":{"line":23,"column":18},"end":{"line":23,"column":46}},"12":{"start":{"line":25,"column":19},"end":{"line":28,"column":20}},"13":{"start":{"line":30,"column":0},"end":{"line":30,"column":41}},"14":{"start":{"line":33,"column":17},"end":{"line":33,"column":44}},"15":{"start":{"line":34,"column":42},"end":{"line":34,"column":48}},"16":{"start":{"line":35,"column":19},"end":{"line":35,"column":44}},"17":{"start":{"line":36,"column":15},"end":{"line":36,"column":36}},"18":{"start":{"line":38,"column":29},"end":{"line":46,"column":4}},"19":{"start":{"line":48,"column":2},"end":{"line":57,"column":5}},"20":{"start":{"line":61,"column":15},"end":{"line":61,"column":51}},"21":{"start":{"line":62,"column":19},"end":{"line":68,"column":4}},"22":{"start":{"line":69,"column":2},"end":{"line":69,"column":62}},"23":{"start":{"line":73,"column":17},"end":{"line":73,"column":63}},"24":{"start":{"line":74,"column":21},"end":{"line":74,"column":55}},"25":{"start":{"line":76,"column":2},"end":{"line":76,"column":57}},"26":{"start":{"line":78,"column":2},"end":{"line":78,"column":76}},"27":{"start":{"line":82,"column":17},"end":{"line":82,"column":63}},"28":{"start":{"line":83,"column":15},"end":{"line":83,"column":51}},"29":{"start":{"line":84,"column":18},"end":{"line":84,"column":64}},"30":{"start":{"line":85,"column":2},"end":{"line":85,"column":88}},"31":{"start":{"line":89,"column":17},"end":{"line":89,"column":63}},"32":{"start":{"line":90,"column":2},"end":{"line":90,"column":43}},"33":{"start":{"line":91,"column":2},"end":{"line":91,"column":25}},"34":{"start":{"line":95,"column":16},"end":{"line":95,"column":48}},"35":{"start":{"line":96,"column":2},"end":{"line":96,"column":43}}},"fnMap":{"0":{"name":"(anonymous_0)","decl":{"start":{"line":23,"column":10},"end":{"line":23,"column":14}},"loc":{"start":{"line":23,"column":18},"end":{"line":23,"column":46}}},"1":{"name":"listShipments","decl":{"start":{"line":32,"column":22},"end":{"line":32,"column":35}},"loc":{"start":{"line":32,"column":63},"end":{"line":58,"column":1}}},"2":{"name":"createShipment","decl":{"start":{"line":60,"column":22},"end":{"line":60,"column":36}},"loc":{"start":{"line":60,"column":64},"end":{"line":70,"column":1}}},"3":{"name":"updateShipmentStatus","decl":{"start":{"line":72,"column":22},"end":{"line":72,"column":42}},"loc":{"start":{"line":72,"column":70},"end":{"line":79,"column":1}}},"4":{"name":"updateShipment","decl":{"start":{"line":81,"column":22},"end":{"line":81,"column":36}},"loc":{"start":{"line":81,"column":64},"end":{"line":86,"column":1}}},"5":{"name":"deleteShipment","decl":{"start":{"line":88,"column":22},"end":{"line":88,"column":36}},"loc":{"start":{"line":88,"column":64},"end":{"line":92,"column":1}}},"6":{"name":"getShipmentStats","decl":{"start":{"line":94,"column":22},"end":{"line":94,"column":38}},"loc":{"start":{"line":94,"column":67},"end":{"line":97,"column":1}}}},"branchMap":{"0":{"loc":{"start":{"line":67,"column":23},"end":{"line":67,"column":92}},"type":"cond-expr","locations":[{"start":{"line":67,"column":48},"end":{"line":67,"column":80}},{"start":{"line":67,"column":83},"end":{"line":67,"column":92}}]}},"s":{"0":1,"1":1,"2":1,"3":1,"4":1,"5":1,"6":1,"7":1,"8":1,"9":1,"10":1,"11":0,"12":1,"13":1,"14":0,"15":0,"16":0,"17":0,"18":0,"19":0,"20":0,"21":0,"22":0,"23":0,"24":0,"25":0,"26":0,"27":0,"28":0,"29":0,"30":0,"31":0,"32":0,"33":0,"34":0,"35":0},"f":{"0":0,"1":0,"2":0,"3":0,"4":0,"5":0,"6":0},"b":{"0":[0,0]}}
,"/Users/joseph/Documents/Coding/SmartInventoryDB/warehouse-bloom/server/src/controllers/system.controller.ts": {"path":"/Users/joseph/Documents/Coding/SmartInventoryDB/warehouse-bloom/server/src/controllers/system.controller.ts","statementMap":{"0":{"start":{"line":7,"column":0},"end":{"line":7,"column":7}},"1":{"start":{"line":61,"column":0},"end":{"line":61,"column":7}},"2":{"start":{"line":2,"column":0},"end":{"line":2,"column":41}},"3":{"start":{"line":3,"column":0},"end":{"line":3,"column":42}},"4":{"start":{"line":4,"column":0},"end":{"line":4,"column":54}},"5":{"start":{"line":5,"column":0},"end":{"line":5,"column":20}},"6":{"start":{"line":8,"column":20},"end":{"line":8,"column":30}},"7":{"start":{"line":10,"column":2},"end":{"line":58,"column":3}},"8":{"start":{"line":12,"column":20},"end":{"line":12,"column":30}},"9":{"start":{"line":13,"column":4},"end":{"line":13,"column":37}},"10":{"start":{"line":14,"column":22},"end":{"line":14,"column":42}},"11":{"start":{"line":17,"column":23},"end":{"line":17,"column":33}},"12":{"start":{"line":18,"column":22},"end":{"line":18,"column":36}},"13":{"start":{"line":19,"column":23},"end":{"line":19,"column":24}},"14":{"start":{"line":20,"column":4},"end":{"line":30,"column":5}},"15":{"start":{"line":21,"column":20},"end":{"line":21,"column":30}},"16":{"start":{"line":22,"column":6},"end":{"line":25,"column":7}},"17":{"start":{"line":23,"column":8},"end":{"line":23,"column":27}},"18":{"start":{"line":24,"column":8},"end":{"line":24,"column":34}},"19":{"start":{"line":26,"column":6},"end":{"line":26,"column":45}},"20":{"start":{"line":29,"column":6},"end":{"line":29,"column":45}},"21":{"start":{"line":32,"column":25},"end":{"line":32,"column":47}},"22":{"start":{"line":34,"column":19},"end":{"line":50,"column":6}},"23":{"start":{"line":52,"column":4},"end":{"line":52,"column":47}},"24":{"start":{"line":54,"column":4},"end":{"line":57,"column":8}},"25":{"start":{"line":62,"column":2},"end":{"line":123,"column":3}},"26":{"start":{"line":68,"column":8},"end":{"line":81,"column":6}},"27":{"start":{"line":83,"column":23},"end":{"line":83,"column":81}},"28":{"start":{"line":83,"column":55},"end":{"line":83,"column":77}},"29":{"start":{"line":84,"column":24},"end":{"line":87,"column":36}},"30":{"start":{"line":85,"column":6},"end":{"line":85,"column":40}},"31":{"start":{"line":86,"column":6},"end":{"line":86,"column":17}},"32":{"start":{"line":89,"column":21},"end":{"line":89,"column":42}},"33":{"start":{"line":90,"column":21},"end":{"line":90,"column":34}},"34":{"start":{"line":92,"column":20},"end":{"line":115,"column":6}},"35":{"start":{"line":117,"column":4},"end":{"line":117,"column":48}},"36":{"start":{"line":119,"column":4},"end":{"line":122,"column":8}}},"fnMap":{"0":{"name":"getSystemStatus","decl":{"start":{"line":7,"column":22},"end":{"line":7,"column":37}},"loc":{"start":{"line":7,"column":65},"end":{"line":59,"column":1}}},"1":{"name":"getSystemMetrics","decl":{"start":{"line":61,"column":22},"end":{"line":61,"column":38}},"loc":{"start":{"line":61,"column":66},"end":{"line":124,"column":1}}},"2":{"name":"(anonymous_3)","decl":{"start":{"line":83,"column":40},"end":{"line":83,"column":41}},"loc":{"start":{"line":83,"column":55},"end":{"line":83,"column":77}}},"3":{"name":"(anonymous_4)","decl":{"start":{"line":84,"column":41},"end":{"line":84,"column":42}},"loc":{"start":{"line":84,"column":55},"end":{"line":87,"column":5}}}},"branchMap":{"0":{"loc":{"start":{"line":22,"column":6},"end":{"line":25,"column":7}},"type":"if","locations":[{"start":{"line":22,"column":6},"end":{"line":25,"column":7}}]},"1":{"loc":{"start":{"line":38,"column":19},"end":{"line":38,"column":56}},"type":"binary-expr","locations":[{"start":{"line":38,"column":19},"end":{"line":38,"column":39}},{"start":{"line":38,"column":43},"end":{"line":38,"column":56}}]},"2":{"loc":{"start":{"line":109,"column":17},"end":{"line":109,"column":41}},"type":"binary-expr","locations":[{"start":{"line":109,"column":17},"end":{"line":109,"column":36}},{"start":{"line":109,"column":40},"end":{"line":109,"column":41}}]},"3":{"loc":{"start":{"line":110,"column":25},"end":{"line":110,"column":53}},"type":"binary-expr","locations":[{"start":{"line":110,"column":25},"end":{"line":110,"column":48}},{"start":{"line":110,"column":52},"end":{"line":110,"column":53}}]},"4":{"loc":{"start":{"line":111,"column":22},"end":{"line":111,"column":53}},"type":"binary-expr","locations":[{"start":{"line":111,"column":22},"end":{"line":111,"column":48}},{"start":{"line":111,"column":52},"end":{"line":111,"column":53}}]}},"s":{"0":1,"1":1,"2":1,"3":1,"4":1,"5":1,"6":0,"7":0,"8":0,"9":0,"10":0,"11":0,"12":0,"13":0,"14":0,"15":0,"16":0,"17":0,"18":0,"19":0,"20":0,"21":0,"22":0,"23":0,"24":0,"25":0,"26":0,"27":0,"28":0,"29":0,"30":0,"31":0,"32":0,"33":0,"34":0,"35":0,"36":0},"f":{"0":0,"1":0,"2":0,"3":0},"b":{"0":[0],"1":[0,0],"2":[0,0],"3":[0,0],"4":[0,0]}}
,"/Users/joseph/Documents/Coding/SmartInventoryDB/warehouse-bloom/server/src/controllers/user.controller.ts": {"path":"/Users/joseph/Documents/Coding/SmartInventoryDB/warehouse-bloom/server/src/controllers/user.controller.ts","statementMap":{"0":{"start":{"line":40,"column":0},"end":{"line":40,"column":7}},"1":{"start":{"line":53,"column":0},"end":{"line":53,"column":7}},"2":{"start":{"line":73,"column":0},"end":{"line":73,"column":7}},"3":{"start":{"line":116,"column":0},"end":{"line":116,"column":7}},"4":{"start":{"line":150,"column":0},"end":{"line":150,"column":7}},"5":{"start":{"line":176,"column":0},"end":{"line":176,"column":7}},"6":{"start":{"line":213,"column":0},"end":{"line":213,"column":7}},"7":{"start":{"line":230,"column":0},"end":{"line":230,"column":7}},"8":{"start":{"line":247,"column":0},"end":{"line":247,"column":7}},"9":{"start":{"line":2,"column":0},"end":{"line":2,"column":55}},"10":{"start":{"line":3,"column":0},"end":{"line":3,"column":54}},"11":{"start":{"line":4,"column":0},"end":{"line":4,"column":24}},"12":{"start":{"line":5,"column":0},"end":{"line":5,"column":39}},"13":{"start":{"line":6,"column":0},"end":{"line":6,"column":33}},"14":{"start":{"line":7,"column":0},"end":{"line":7,"column":28}},"15":{"start":{"line":9,"column":25},"end":{"line":21,"column":62}},"16":{"start":{"line":17,"column":2},"end":{"line":19,"column":3}},"17":{"start":{"line":18,"column":4},"end":{"line":18,"column":44}},"18":{"start":{"line":20,"column":2},"end":{"line":20,"column":14}},"19":{"start":{"line":23,"column":29},"end":{"line":32,"column":68}},"20":{"start":{"line":28,"column":2},"end":{"line":30,"column":3}},"21":{"start":{"line":29,"column":4},"end":{"line":29,"column":53}},"22":{"start":{"line":31,"column":2},"end":{"line":31,"column":14}},"23":{"start":{"line":34,"column":24},"end":{"line":34,"column":58}},"24":{"start":{"line":35,"column":30},"end":{"line":35,"column":71}},"25":{"start":{"line":41,"column":16},"end":{"line":41,"column":47}},"26":{"start":{"line":42,"column":2},"end":{"line":47,"column":4}},"27":{"start":{"line":54,"column":17},"end":{"line":54,"column":63}},"28":{"start":{"line":55,"column":15},"end":{"line":55,"column":48}},"29":{"start":{"line":56,"column":2},"end":{"line":61,"column":3}},"30":{"start":{"line":57,"column":4},"end":{"line":59,"column":75}},"31":{"start":{"line":60,"column":4},"end":{"line":60,"column":11}},"32":{"start":{"line":62,"column":2},"end":{"line":67,"column":4}},"33":{"start":{"line":74,"column":2},"end":{"line":110,"column":3}},"34":{"start":{"line":75,"column":19},"end":{"line":75,"column":65}},"35":{"start":{"line":76,"column":26},"end":{"line":76,"column":58}},"36":{"start":{"line":77,"column":4},"end":{"line":80,"column":5}},"37":{"start":{"line":78,"column":6},"end":{"line":78,"column":85}},"38":{"start":{"line":79,"column":6},"end":{"line":79,"column":13}},"39":{"start":{"line":83,"column":44},"end":{"line":83,"column":57}},"40":{"start":{"line":86,"column":4},"end":{"line":94,"column":5}},"41":{"start":{"line":87,"column":6},"end":{"line":87,"column":58}},"42":{"start":{"line":89,"column":6},"end":{"line":92,"column":7}},"43":{"start":{"line":90,"column":8},"end":{"line":90,"column":98}},"44":{"start":{"line":91,"column":8},"end":{"line":91,"column":15}},"45":{"start":{"line":93,"column":6},"end":{"line":93,"column":16}},"46":{"start":{"line":95,"column":4},"end":{"line":98,"column":5}},"47":{"start":{"line":96,"column":6},"end":{"line":96,"column":90}},"48":{"start":{"line":97,"column":6},"end":{"line":97,"column":13}},"49":{"start":{"line":99,"column":4},"end":{"line":99,"column":99}},"50":{"start":{"line":101,"column":4},"end":{"line":108,"column":5}},"51":{"start":{"line":102,"column":50},"end":{"line":102,"column":52}},"52":{"start":{"line":103,"column":6},"end":{"line":105,"column":7}},"53":{"start":{"line":104,"column":8},"end":{"line":104,"column":49}},"54":{"start":{"line":104,"column":27},"end":{"line":104,"column":49}},"55":{"start":{"line":106,"column":6},"end":{"line":106,"column":113}},"56":{"start":{"line":107,"column":6},"end":{"line":107,"column":13}},"57":{"start":{"line":109,"column":4},"end":{"line":109,"column":95}},"58":{"start":{"line":117,"column":2},"end":{"line":140,"column":3}},"59":{"start":{"line":118,"column":19},"end":{"line":118,"column":65}},"60":{"start":{"line":119,"column":45},"end":{"line":119,"column":81}},"61":{"start":{"line":120,"column":4},"end":{"line":123,"column":5}},"62":{"start":{"line":121,"column":6},"end":{"line":121,"column":85}},"63":{"start":{"line":122,"column":6},"end":{"line":122,"column":13}},"64":{"start":{"line":124,"column":20},"end":{"line":124,"column":86}},"65":{"start":{"line":125,"column":4},"end":{"line":128,"column":5}},"66":{"start":{"line":126,"column":6},"end":{"line":126,"column":100}},"67":{"start":{"line":127,"column":6},"end":{"line":127,"column":13}},"68":{"start":{"line":129,"column":4},"end":{"line":129,"column":87}},"69":{"start":{"line":131,"column":4},"end":{"line":138,"column":5}},"70":{"start":{"line":132,"column":50},"end":{"line":132,"column":52}},"71":{"start":{"line":133,"column":6},"end":{"line":135,"column":7}},"72":{"start":{"line":134,"column":8},"end":{"line":134,"column":49}},"73":{"start":{"line":134,"column":27},"end":{"line":134,"column":49}},"74":{"start":{"line":136,"column":6},"end":{"line":136,"column":113}},"75":{"start":{"line":137,"column":6},"end":{"line":137,"column":13}},"76":{"start":{"line":139,"column":4},"end":{"line":139,"column":99}},"77":{"start":{"line":147,"column":2},"end":{"line":147,"column":88}},"78":{"start":{"line":147,"column":49},"end":{"line":147,"column":86}},"79":{"start":{"line":151,"column":17},"end":{"line":151,"column":63}},"80":{"start":{"line":152,"column":2},"end":{"line":155,"column":3}},"81":{"start":{"line":153,"column":4},"end":{"line":153,"column":83}},"82":{"start":{"line":154,"column":4},"end":{"line":154,"column":11}},"83":{"start":{"line":157,"column":17},"end":{"line":160,"column":4}},"84":{"start":{"line":162,"column":20},"end":{"line":162,"column":63}},"85":{"start":{"line":163,"column":22},"end":{"line":163,"column":43}},"86":{"start":{"line":164,"column":2},"end":{"line":164,"column":61}},"87":{"start":{"line":167,"column":2},"end":{"line":170,"column":6}},"88":{"start":{"line":180,"column":17},"end":{"line":180,"column":63}},"89":{"start":{"line":181,"column":20},"end":{"line":181,"column":57}},"90":{"start":{"line":183,"column":2},"end":{"line":186,"column":3}},"91":{"start":{"line":184,"column":4},"end":{"line":184,"column":83}},"92":{"start":{"line":185,"column":4},"end":{"line":185,"column":11}},"93":{"start":{"line":188,"column":15},"end":{"line":188,"column":48}},"94":{"start":{"line":189,"column":2},"end":{"line":192,"column":3}},"95":{"start":{"line":190,"column":4},"end":{"line":190,"column":87}},"96":{"start":{"line":191,"column":4},"end":{"line":191,"column":11}},"97":{"start":{"line":194,"column":19},"end":{"line":199,"column":4}},"98":{"start":{"line":201,"column":2},"end":{"line":204,"column":3}},"99":{"start":{"line":202,"column":4},"end":{"line":202,"column":87}},"100":{"start":{"line":203,"column":4},"end":{"line":203,"column":11}},"101":{"start":{"line":206,"column":2},"end":{"line":206,"column":43}},"102":{"start":{"line":207,"column":2},"end":{"line":207,"column":80}},"103":{"start":{"line":214,"column":17},"end":{"line":214,"column":63}},"104":{"start":{"line":215,"column":2},"end":{"line":218,"column":3}},"105":{"start":{"line":216,"column":4},"end":{"line":216,"column":83}},"106":{"start":{"line":217,"column":4},"end":{"line":217,"column":11}},"107":{"start":{"line":220,"column":2},"end":{"line":220,"column":44}},"108":{"start":{"line":221,"column":2},"end":{"line":221,"column":52}},"109":{"start":{"line":224,"column":2},"end":{"line":224,"column":81}},"110":{"start":{"line":231,"column":17},"end":{"line":231,"column":63}},"111":{"start":{"line":233,"column":18},"end":{"line":233,"column":50}},"112":{"start":{"line":234,"column":2},"end":{"line":239,"column":3}},"113":{"start":{"line":235,"column":4},"end":{"line":237,"column":75}},"114":{"start":{"line":238,"column":4},"end":{"line":238,"column":11}},"115":{"start":{"line":241,"column":2},"end":{"line":241,"column":25}},"116":{"start":{"line":251,"column":16},"end":{"line":251,"column":48}},"117":{"start":{"line":253,"column":2},"end":{"line":258,"column":4}}},"fnMap":{"0":{"name":"(anonymous_10)","decl":{"start":{"line":16,"column":10},"end":{"line":16,"column":14}},"loc":{"start":{"line":16,"column":17},"end":{"line":21,"column":1}}},"1":{"name":"(anonymous_11)","decl":{"start":{"line":27,"column":10},"end":{"line":27,"column":14}},"loc":{"start":{"line":27,"column":17},"end":{"line":32,"column":1}}},"2":{"name":"getUsers","decl":{"start":{"line":40,"column":22},"end":{"line":40,"column":30}},"loc":{"start":{"line":40,"column":59},"end":{"line":48,"column":1}}},"3":{"name":"getUserById","decl":{"start":{"line":53,"column":22},"end":{"line":53,"column":33}},"loc":{"start":{"line":53,"column":61},"end":{"line":68,"column":1}}},"4":{"name":"updateUser","decl":{"start":{"line":73,"column":22},"end":{"line":73,"column":32}},"loc":{"start":{"line":73,"column":60},"end":{"line":111,"column":1}}},"5":{"name":"updatePassword","decl":{"start":{"line":116,"column":22},"end":{"line":116,"column":36}},"loc":{"start":{"line":116,"column":64},"end":{"line":141,"column":1}}},"6":{"name":"generateBackupCodes","decl":{"start":{"line":146,"column":9},"end":{"line":146,"column":28}},"loc":{"start":{"line":146,"column":38},"end":{"line":148,"column":1}}},"7":{"name":"(anonymous_17)","decl":{"start":{"line":147,"column":43},"end":{"line":147,"column":46}},"loc":{"start":{"line":147,"column":49},"end":{"line":147,"column":86}}},"8":{"name":"setupTwoFactor","decl":{"start":{"line":150,"column":22},"end":{"line":150,"column":36}},"loc":{"start":{"line":150,"column":64},"end":{"line":171,"column":1}}},"9":{"name":"verifyTwoFactor","decl":{"start":{"line":176,"column":22},"end":{"line":176,"column":37}},"loc":{"start":{"line":178,"column":15},"end":{"line":208,"column":1}}},"10":{"name":"disableTwoFactor","decl":{"start":{"line":213,"column":22},"end":{"line":213,"column":38}},"loc":{"start":{"line":213,"column":66},"end":{"line":225,"column":1}}},"11":{"name":"deleteUser","decl":{"start":{"line":230,"column":22},"end":{"line":230,"column":32}},"loc":{"start":{"line":230,"column":60},"end":{"line":242,"column":1}}},"12":{"name":"getUserStats","decl":{"start":{"line":247,"column":22},"end":{"line":247,"column":34}},"loc":{"start":{"line":249,"column":15},"end":{"line":259,"column":1}}}},"branchMap":{"0":{"loc":{"start":{"line":17,"column":2},"end":{"line":19,"column":3}},"type":"if","locations":[{"start":{"line":17,"column":2},"end":{"line":19,"column":3}}]},"1":{"loc":{"start":{"line":17,"column":6},"end":{"line":17,"column":37}},"type":"binary-expr","locations":[{"start":{"line":17,"column":6},"end":{"line":17,"column":23}},{"start":{"line":17,"column":27},"end":{"line":17,"column":37}}]},"2":{"loc":{"start":{"line":28,"column":2},"end":{"line":30,"column":3}},"type":"if","locations":[{"start":{"line":28,"column":2},"end":{"line":30,"column":3}}]},"3":{"loc":{"start":{"line":56,"column":2},"end":{"line":61,"column":3}},"type":"if","locations":[{"start":{"line":56,"column":2},"end":{"line":61,"column":3}}]},"4":{"loc":{"start":{"line":77,"column":4},"end":{"line":80,"column":5}},"type":"if","locations":[{"start":{"line":77,"column":4},"end":{"line":80,"column":5}}]},"5":{"loc":{"start":{"line":77,"column":8},"end":{"line":77,"column":57}},"type":"binary-expr","locations":[{"start":{"line":77,"column":8},"end":{"line":77,"column":27}},{"start":{"line":77,"column":31},"end":{"line":77,"column":57}}]},"6":{"loc":{"start":{"line":89,"column":6},"end":{"line":92,"column":7}},"type":"if","locations":[{"start":{"line":89,"column":6},"end":{"line":92,"column":7}}]},"7":{"loc":{"start":{"line":95,"column":4},"end":{"line":98,"column":5}},"type":"if","locations":[{"start":{"line":95,"column":4},"end":{"line":98,"column":5}}]},"8":{"loc":{"start":{"line":101,"column":4},"end":{"line":108,"column":5}},"type":"if","locations":[{"start":{"line":101,"column":4},"end":{"line":108,"column":5}}]},"9":{"loc":{"start":{"line":104,"column":8},"end":{"line":104,"column":49}},"type":"if","locations":[{"start":{"line":104,"column":8},"end":{"line":104,"column":49}}]},"10":{"loc":{"start":{"line":104,"column":12},"end":{"line":104,"column":25}},"type":"binary-expr","locations":[{"start":{"line":104,"column":12},"end":{"line":104,"column":13}},{"start":{"line":104,"column":17},"end":{"line":104,"column":25}}]},"11":{"loc":{"start":{"line":120,"column":4},"end":{"line":123,"column":5}},"type":"if","locations":[{"start":{"line":120,"column":4},"end":{"line":123,"column":5}}]},"12":{"loc":{"start":{"line":125,"column":4},"end":{"line":128,"column":5}},"type":"if","locations":[{"start":{"line":125,"column":4},"end":{"line":128,"column":5}}]},"13":{"loc":{"start":{"line":131,"column":4},"end":{"line":138,"column":5}},"type":"if","locations":[{"start":{"line":131,"column":4},"end":{"line":138,"column":5}}]},"14":{"loc":{"start":{"line":134,"column":8},"end":{"line":134,"column":49}},"type":"if","locations":[{"start":{"line":134,"column":8},"end":{"line":134,"column":49}}]},"15":{"loc":{"start":{"line":134,"column":12},"end":{"line":134,"column":25}},"type":"binary-expr","locations":[{"start":{"line":134,"column":12},"end":{"line":134,"column":13}},{"start":{"line":134,"column":17},"end":{"line":134,"column":25}}]},"16":{"loc":{"start":{"line":146,"column":29},"end":{"line":146,"column":38}},"type":"default-arg","locations":[{"start":{"line":146,"column":37},"end":{"line":146,"column":38}}]},"17":{"loc":{"start":{"line":152,"column":2},"end":{"line":155,"column":3}},"type":"if","locations":[{"start":{"line":152,"column":2},"end":{"line":155,"column":3}}]},"18":{"loc":{"start":{"line":183,"column":2},"end":{"line":186,"column":3}},"type":"if","locations":[{"start":{"line":183,"column":2},"end":{"line":186,"column":3}}]},"19":{"loc":{"start":{"line":189,"column":2},"end":{"line":192,"column":3}},"type":"if","locations":[{"start":{"line":189,"column":2},"end":{"line":192,"column":3}}]},"20":{"loc":{"start":{"line":201,"column":2},"end":{"line":204,"column":3}},"type":"if","locations":[{"start":{"line":201,"column":2},"end":{"line":204,"column":3}}]},"21":{"loc":{"start":{"line":215,"column":2},"end":{"line":218,"column":3}},"type":"if","locations":[{"start":{"line":215,"column":2},"end":{"line":218,"column":3}}]},"22":{"loc":{"start":{"line":234,"column":2},"end":{"line":239,"column":3}},"type":"if","locations":[{"start":{"line":234,"column":2},"end":{"line":239,"column":3}}]}},"s":{"0":1,"1":1,"2":1,"3":1,"4":1,"5":1,"6":1,"7":1,"8":1,"9":1,"10":1,"11":1,"12":1,"13":1,"14":1,"15":1,"16":4,"17":3,"18":1,"19":1,"20":4,"21":4,"22":0,"23":1,"24":1,"25":0,"26":0,"27":1,"28":1,"29":1,"30":0,"31":0,"32":1,"33":4,"34":4,"35":4,"36":3,"37":0,"38":0,"39":3,"40":3,"41":3,"42":1,"43":1,"44":1,"45":0,"46":2,"47":0,"48":0,"49":2,"50":1,"51":1,"52":1,"53":1,"54":1,"55":1,"56":1,"57":0,"58":4,"59":4,"60":4,"61":2,"62":0,"63":0,"64":2,"65":2,"66":1,"67":1,"68":1,"69":2,"70":2,"71":2,"72":3,"73":3,"74":2,"75":2,"76":0,"77":1,"78":8,"79":1,"80":1,"81":0,"82":0,"83":1,"84":1,"85":1,"86":1,"87":1,"88":0,"89":0,"90":0,"91":0,"92":0,"93":0,"94":0,"95":0,"96":0,"97":0,"98":0,"99":0,"100":0,"101":0,"102":0,"103":1,"104":1,"105":0,"106":0,"107":1,"108":1,"109":1,"110":0,"111":0,"112":0,"113":0,"114":0,"115":0,"116":0,"117":0},"f":{"0":4,"1":4,"2":0,"3":1,"4":4,"5":4,"6":1,"7":8,"8":1,"9":0,"10":1,"11":0,"12":0},"b":{"0":[3],"1":[4,3],"2":[4],"3":[0],"4":[0],"5":[3,0],"6":[1],"7":[0],"8":[1],"9":[1],"10":[1,1],"11":[0],"12":[1],"13":[2],"14":[3],"15":[3,3],"16":[1],"17":[0],"18":[0],"19":[0],"20":[0],"21":[0],"22":[0]}}
,"/Users/joseph/Documents/Coding/SmartInventoryDB/warehouse-bloom/server/src/controllers/users.controller.ts": {"path":"/Users/joseph/Documents/Coding/SmartInventoryDB/warehouse-bloom/server/src/controllers/users.controller.ts","statementMap":{"0":{"start":{"line":5,"column":0},"end":{"line":5,"column":7}},"1":{"start":{"line":2,"column":0},"end":{"line":2,"column":41}},"2":{"start":{"line":3,"column":0},"end":{"line":3,"column":54}},"3":{"start":{"line":6,"column":2},"end":{"line":30,"column":3}},"4":{"start":{"line":7,"column":18},"end":{"line":19,"column":6}},"5":{"start":{"line":21,"column":4},"end":{"line":24,"column":8}},"6":{"start":{"line":26,"column":4},"end":{"line":29,"column":8}}},"fnMap":{"0":{"name":"getUsers","decl":{"start":{"line":5,"column":22},"end":{"line":5,"column":30}},"loc":{"start":{"line":5,"column":58},"end":{"line":31,"column":1}}}},"branchMap":{},"s":{"0":1,"1":1,"2":1,"3":0,"4":0,"5":0,"6":0},"f":{"0":0},"b":{}}
,"/Users/joseph/Documents/Coding/SmartInventoryDB/warehouse-bloom/server/src/middlewares/errorHandler.ts": {"path":"/Users/joseph/Documents/Coding/SmartInventoryDB/warehouse-bloom/server/src/middlewares/errorHandler.ts","statementMap":{"0":{"start":{"line":11,"column":0},"end":{"line":11,"column":16}},"1":{"start":{"line":2,"column":0},"end":{"line":2,"column":41}},"2":{"start":{"line":3,"column":0},"end":{"line":3,"column":31}},"3":{"start":{"line":4,"column":0},"end":{"line":4,"column":40}},"4":{"start":{"line":5,"column":0},"end":{"line":5,"column":54}},"5":{"start":{"line":12,"column":2},"end":{"line":12,"column":43}},"6":{"start":{"line":15,"column":2},"end":{"line":27,"column":3}},"7":{"start":{"line":16,"column":19},"end":{"line":19,"column":36}},"8":{"start":{"line":17,"column":6},"end":{"line":17,"column":48}},"9":{"start":{"line":18,"column":6},"end":{"line":18,"column":17}},"10":{"start":{"line":21,"column":4},"end":{"line":25,"column":8}},"11":{"start":{"line":26,"column":4},"end":{"line":26,"column":11}},"12":{"start":{"line":30,"column":2},"end":{"line":45,"column":3}},"13":{"start":{"line":31,"column":4},"end":{"line":37,"column":5}},"14":{"start":{"line":32,"column":6},"end":{"line":35,"column":10}},"15":{"start":{"line":36,"column":6},"end":{"line":36,"column":13}},"16":{"start":{"line":38,"column":4},"end":{"line":44,"column":5}},"17":{"start":{"line":39,"column":6},"end":{"line":42,"column":10}},"18":{"start":{"line":43,"column":6},"end":{"line":43,"column":13}},"19":{"start":{"line":48,"column":2},"end":{"line":54,"column":3}},"20":{"start":{"line":49,"column":4},"end":{"line":52,"column":8}},"21":{"start":{"line":53,"column":4},"end":{"line":53,"column":11}},"22":{"start":{"line":57,"column":2},"end":{"line":60,"column":6}}},"fnMap":{"0":{"name":"errorHandler","decl":{"start":{"line":11,"column":16},"end":{"line":11,"column":28}},"loc":{"start":{"line":11,"column":92},"end":{"line":61,"column":1}}},"1":{"name":"(anonymous_1)","decl":{"start":{"line":16,"column":37},"end":{"line":16,"column":38}},"loc":{"start":{"line":16,"column":52},"end":{"line":19,"column":5}}}},"branchMap":{"0":{"loc":{"start":{"line":15,"column":2},"end":{"line":27,"column":3}},"type":"if","locations":[{"start":{"line":15,"column":2},"end":{"line":27,"column":3}}]},"1":{"loc":{"start":{"line":30,"column":2},"end":{"line":45,"column":3}},"type":"if","locations":[{"start":{"line":30,"column":2},"end":{"line":45,"column":3}}]},"2":{"loc":{"start":{"line":31,"column":4},"end":{"line":37,"column":5}},"type":"if","locations":[{"start":{"line":31,"column":4},"end":{"line":37,"column":5}}]},"3":{"loc":{"start":{"line":38,"column":4},"end":{"line":44,"column":5}},"type":"if","locations":[{"start":{"line":38,"column":4},"end":{"line":44,"column":5}}]},"4":{"loc":{"start":{"line":48,"column":2},"end":{"line":54,"column":3}},"type":"if","locations":[{"start":{"line":48,"column":2},"end":{"line":54,"column":3}}]}},"s":{"0":1,"1":1,"2":1,"3":1,"4":1,"5":0,"6":0,"7":0,"8":0,"9":0,"10":0,"11":0,"12":0,"13":0,"14":0,"15":0,"16":0,"17":0,"18":0,"19":0,"20":0,"21":0,"22":0},"f":{"0":0,"1":0},"b":{"0":[0],"1":[0],"2":[0],"3":[0],"4":[0]}}
,"/Users/joseph/Documents/Coding/SmartInventoryDB/warehouse-bloom/server/src/middlewares/notFound.ts": {"path":"/Users/joseph/Documents/Coding/SmartInventoryDB/warehouse-bloom/server/src/middlewares/notFound.ts","statementMap":{"0":{"start":{"line":6,"column":0},"end":{"line":6,"column":16}},"1":{"start":{"line":7,"column":2},"end":{"line":7,"column":55}}},"fnMap":{"0":{"name":"notFoundHandler","decl":{"start":{"line":6,"column":16},"end":{"line":6,"column":31}},"loc":{"start":{"line":6,"column":81},"end":{"line":8,"column":1}}}},"branchMap":{},"s":{"0":1,"1":0},"f":{"0":0},"b":{}}
[...]
mn":21}},"5":{"start":{"line":18,"column":19},"end":{"line":18,"column":51}},"6":{"start":{"line":19,"column":4},"end":{"line":19,"column":43}},"7":{"start":{"line":23,"column":18},"end":{"line":23,"column":37}},"8":{"start":{"line":24,"column":4},"end":{"line":24,"column":28}},"9":{"start":{"line":24,"column":16},"end":{"line":24,"column":28}},"10":{"start":{"line":26,"column":4},"end":{"line":29,"column":5}},"11":{"start":{"line":27,"column":6},"end":{"line":27,"column":29}},"12":{"start":{"line":28,"column":6},"end":{"line":28,"column":18}},"13":{"start":{"line":31,"column":4},"end":{"line":31,"column":23}},"14":{"start":{"line":35,"column":4},"end":{"line":35,"column":27}},"15":{"start":{"line":39,"column":4},"end":{"line":39,"column":23}},"16":{"start":{"line":43,"column":16},"end":{"line":43,"column":26}},"17":{"start":{"line":44,"column":18},"end":{"line":44,"column":19}},"18":{"start":{"line":46,"column":4},"end":{"line":51,"column":5}},"19":{"start":{"line":47,"column":6},"end":{"line":50,"column":7}},"20":{"start":{"line":48,"column":8},"end":{"line":48,"column":31}},"21":{"start":{"line":49,"column":8},"end":{"line":49,"column":18}},"22":{"start":{"line":54,"column":4},"end":{"line":59,"column":5}},"23":{"start":{"line":55,"column":22},"end":{"line":55,"column":54}},"24":{"start":{"line":56,"column":23},"end":{"line":56,"column":71}},"25":{"start":{"line":57,"column":6},"end":{"line":57,"column":58}},"26":{"start":{"line":57,"column":34},"end":{"line":57,"column":56}},"27":{"start":{"line":58,"column":6},"end":{"line":58,"column":33}},"28":{"start":{"line":61,"column":4},"end":{"line":63,"column":5}},"29":{"start":{"line":62,"column":6},"end":{"line":62,"column":62}},"30":{"start":{"line":67,"column":4},"end":{"line":70,"column":6}},"31":{"start":{"line":74,"column":13},"end":{"line":74,"column":45}}},"fnMap":{"0":{"name":"(anonymous_0)","decl":{"start":{"line":8,"column":0},"end":{"line":8,"column":6}},"loc":{"start":{"line":8,"column":0},"end":{"line":72,"column":1}}},"1":{"name":"(anonymous_1)","decl":{"start":{"line":12,"column":2},"end":{"line":12,"column":5}},"loc":{"start":{"line":12,"column":58},"end":{"line":20,"column":3}}},"2":{"name":"(anonymous_2)","decl":{"start":{"line":22,"column":2},"end":{"line":22,"column":5}},"loc":{"start":{"line":22,"column":17},"end":{"line":32,"column":3}}},"3":{"name":"(anonymous_3)","decl":{"start":{"line":34,"column":2},"end":{"line":34,"column":8}},"loc":{"start":{"line":34,"column":20},"end":{"line":36,"column":3}}},"4":{"name":"(anonymous_4)","decl":{"start":{"line":38,"column":2},"end":{"line":38,"column":7}},"loc":{"start":{"line":38,"column":7},"end":{"line":40,"column":3}}},"5":{"name":"(anonymous_5)","decl":{"start":{"line":42,"column":10},"end":{"line":42,"column":17}},"loc":{"start":{"line":42,"column":17},"end":{"line":64,"column":3}}},"6":{"name":"(anonymous_6)","decl":{"start":{"line":57,"column":23},"end":{"line":57,"column":24}},"loc":{"start":{"line":57,"column":34},"end":{"line":57,"column":56}}},"7":{"name":"(anonymous_7)","decl":{"start":{"line":66,"column":2},"end":{"line":66,"column":10}},"loc":{"start":{"line":66,"column":10},"end":{"line":71,"column":3}}}},"branchMap":{"0":{"loc":{"start":{"line":12,"column":34},"end":{"line":12,"column":58}},"type":"default-arg","locations":[{"start":{"line":12,"column":55},"end":{"line":12,"column":58}}]},"1":{"loc":{"start":{"line":14,"column":4},"end":{"line":16,"column":5}},"type":"if","locations":[{"start":{"line":14,"column":4},"end":{"line":16,"column":5}}]},"2":{"loc":{"start":{"line":24,"column":4},"end":{"line":24,"column":28}},"type":"if","locations":[{"start":{"line":24,"column":4},"end":{"line":24,"column":28}}]},"3":{"loc":{"start":{"line":26,"column":4},"end":{"line":29,"column":5}},"type":"if","locations":[{"start":{"line":26,"column":4},"end":{"line":29,"column":5}}]},"4":{"loc":{"start":{"line":47,"column":6},"end":{"line":50,"column":7}},"type":"if","locations":[{"start":{"line":47,"column":6},"end":{"line":50,"column":7}}]},"5":{"loc":{"start":{"line":54,"column":4},"end":{"line":59,"column":5}},"type":"if","locations":[{"start":{"line":54,"column":4},"end":{"line":59,"column":5}}]},"6":{"loc":{"start":{"line":61,"column":4},"end":{"line":63,"column":5}},"type":"if","locations":[{"start":{"line":61,"column":4},"end":{"line":63,"column":5}}]}},"s":{"0":1,"1":1,"2":1,"3":0,"4":0,"5":0,"6":0,"7":0,"8":0,"9":0,"10":0,"11":0,"12":0,"13":0,"14":0,"15":0,"16":0,"17":0,"18":0,"19":0,"20":0,"21":0,"22":0,"23":0,"24":0,"25":0,"26":0,"27":0,"28":0,"29":0,"30":0,"31":1},"f":{"0":1,"1":0,"2":0,"3":0,"4":0,"5":0,"6":0,"7":0},"b":{"0":[0],"1":[0],"2":[0],"3":[0],"4":[0],"5":[0],"6":[0]}}
,"/Users/joseph/Documents/Coding/SmartInventoryDB/warehouse-bloom/server/src/utils/password.ts": {"path":"/Users/joseph/Documents/Coding/SmartInventoryDB/warehouse-bloom/server/src/utils/password.ts","statementMap":{"0":{"start":{"line":7,"column":0},"end":{"line":7,"column":7}},"1":{"start":{"line":16,"column":0},"end":{"line":16,"column":7}},"2":{"start":{"line":1,"column":0},"end":{"line":1,"column":33}},"3":{"start":{"line":2,"column":0},"end":{"line":2,"column":34}},"4":{"start":{"line":9,"column":17},"end":{"line":9,"column":42}},"5":{"start":{"line":10,"column":2},"end":{"line":10,"column":36}},"6":{"start":{"line":17,"column":2},"end":{"line":17,"column":37}}},"fnMap":{"0":{"name":"hashPassword","decl":{"start":{"line":7,"column":22},"end":{"line":7,"column":34}},"loc":{"start":{"line":7,"column":48},"end":{"line":11,"column":1}}},"1":{"name":"comparePassword","decl":{"start":{"line":16,"column":22},"end":{"line":16,"column":37}},"loc":{"start":{"line":16,"column":65},"end":{"line":18,"column":1}}}},"branchMap":{"0":{"loc":{"start":{"line":9,"column":17},"end":{"line":9,"column":42}},"type":"binary-expr","locations":[{"start":{"line":9,"column":17},"end":{"line":9,"column":37}},{"start":{"line":9,"column":41},"end":{"line":9,"column":42}}]}},"s":{"0":1,"1":1,"2":1,"3":1,"4":16,"5":16,"6":17},"f":{"0":16,"1":17},"b":{"0":[16,0]}}
,"/Users/joseph/Documents/Coding/SmartInventoryDB/warehouse-bloom/server/src/utils/pg.ts": {"path":"/Users/joseph/Documents/Coding/SmartInventoryDB/warehouse-bloom/server/src/utils/pg.ts","statementMap":{"0":{"start":{"line":6,"column":0},"end":{"line":6,"column":7}},"1":{"start":{"line":15,"column":0},"end":{"line":15,"column":16}},"2":{"start":{"line":1,"column":0},"end":{"line":1,"column":42}},"3":{"start":{"line":2,"column":0},"end":{"line":2,"column":34}},"4":{"start":{"line":4,"column":28},"end":{"line":4,"column":32}},"5":{"start":{"line":7,"column":2},"end":{"line":7,"column":28}},"6":{"start":{"line":7,"column":14},"end":{"line":7,"column":28}},"7":{"start":{"line":8,"column":2},"end":{"line":8,"column":44}},"8":{"start":{"line":9,"column":2},"end":{"line":9,"column":25}},"9":{"start":{"line":10,"column":2},"end":{"line":10,"column":45}},"10":{"start":{"line":11,"column":2},"end":{"line":11,"column":63}},"11":{"start":{"line":12,"column":2},"end":{"line":12,"column":16}},"12":{"start":{"line":16,"column":2},"end":{"line":16,"column":62}},"13":{"start":{"line":16,"column":15},"end":{"line":16,"column":62}},"14":{"start":{"line":17,"column":2},"end":{"line":25,"column":5}},"15":{"start":{"line":18,"column":4},"end":{"line":18,"column":64}},"16":{"start":{"line":18,"column":57},"end":{"line":18,"column":64}},"17":{"start":{"line":19,"column":4},"end":{"line":24,"column":5}},"18":{"start":{"line":20,"column":19},"end":{"line":20,"column":42}},"19":{"start":{"line":21,"column":6},"end":{"line":21,"column":20}}},"fnMap":{"0":{"name":"connectPgListener","decl":{"start":{"line":6,"column":22},"end":{"line":6,"column":39}},"loc":{"start":{"line":6,"column":64},"end":{"line":13,"column":1}}},"1":{"name":"onPgNotification","decl":{"start":{"line":15,"column":16},"end":{"line":15,"column":32}},"loc":{"start":{"line":15,"column":64},"end":{"line":26,"column":1}}},"2":{"name":"(anonymous_2)","decl":{"start":{"line":17,"column":28},"end":{"line":17,"column":29}},"loc":{"start":{"line":17,"column":50},"end":{"line":25,"column":3}}}},"branchMap":{"0":{"loc":{"start":{"line":7,"column":2},"end":{"line":7,"column":28}},"type":"if","locations":[{"start":{"line":7,"column":2},"end":{"line":7,"column":28}}]},"1":{"loc":{"start":{"line":16,"column":2},"end":{"line":16,"column":62}},"type":"if","locations":[{"start":{"line":16,"column":2},"end":{"line":16,"column":62}}]},"2":{"loc":{"start":{"line":18,"column":4},"end":{"line":18,"column":64}},"type":"if","locations":[{"start":{"line":18,"column":4},"end":{"line":18,"column":64}}]},"3":{"loc":{"start":{"line":18,"column":8},"end":{"line":18,"column":55}},"type":"binary-expr","locations":[{"start":{"line":18,"column":8},"end":{"line":18,"column":39}},{"start":{"line":18,"column":43},"end":{"line":18,"column":55}}]}},"s":{"0":0,"1":0,"2":0,"3":0,"4":0,"5":0,"6":0,"7":0,"8":0,"9":0,"10":0,"11":0,"12":0,"13":0,"14":0,"15":0,"16":0,"17":0,"18":0,"19":0},"f":{"0":0,"1":0,"2":0},"b":{"0":[0],"1":[0],"2":[0],"3":[0,0]}}
,"/Users/joseph/Documents/Coding/SmartInventoryDB/warehouse-bloom/server/src/utils/prisma.ts": {"path":"/Users/joseph/Documents/Coding/SmartInventoryDB/warehouse-bloom/server/src/utils/prisma.ts","statementMap":{"0":{"start":{"line":1,"column":0},"end":{"line":1,"column":46}},"1":{"start":{"line":6,"column":13},"end":{"line":6,"column":43}}},"fnMap":{},"branchMap":{},"s":{"0":1,"1":1},"f":{},"b":{}}
,"/Users/joseph/Documents/Coding/SmartInventoryDB/warehouse-bloom/server/src/utils/redis.ts": {"path":"/Users/joseph/Documents/Coding/SmartInventoryDB/warehouse-bloom/server/src/utils/redis.ts","statementMap":{"0":{"start":{"line":12,"column":0},"end":{"line":12,"column":7}},"1":{"start":{"line":61,"column":0},"end":{"line":61,"column":16}},"2":{"start":{"line":68,"column":0},"end":{"line":68,"column":7}},"3":{"start":{"line":82,"column":0},"end":{"line":82,"column":7}},"4":{"start":{"line":102,"column":0},"end":{"line":102,"column":7}},"5":{"start":{"line":1,"column":0},"end":{"line":1,"column":54}},"6":{"start":{"line":2,"column":0},"end":{"line":2,"column":34}},"7":{"start":{"line":3,"column":0},"end":{"line":3,"column":34}},"8":{"start":{"line":4,"column":0},"end":{"line":4,"column":44}},"9":{"start":{"line":6,"column":37},"end":{"line":6,"column":41}},"10":{"start":{"line":7,"column":19},"end":{"line":7,"column":24}},"11":{"start":{"line":13,"column":2},"end":{"line":15,"column":3}},"12":{"start":{"line":14,"column":4},"end":{"line":14,"column":58}},"13":{"start":{"line":16,"column":2},"end":{"line":16,"column":37}},"14":{"start":{"line":16,"column":23},"end":{"line":16,"column":37}},"15":{"start":{"line":17,"column":2},"end":{"line":23,"column":3}},"16":{"start":{"line":19,"column":4},"end":{"line":21,"column":5}},"17":{"start":{"line":20,"column":6},"end":{"line":20,"column":61}},"18":{"start":{"line":20,"column":35},"end":{"line":20,"column":59}},"19":{"start":{"line":22,"column":4},"end":{"line":22,"column":39}},"20":{"start":{"line":22,"column":25},"end":{"line":22,"column":39}},"21":{"start":{"line":25,"column":2},"end":{"line":25,"column":22}},"22":{"start":{"line":26,"column":2},"end":{"line":55,"column":3}},"23":{"start":{"line":27,"column":16},"end":{"line":27,"column":60}},"24":{"start":{"line":28,"column":4},"end":{"line":38,"column":7}},"25":{"start":{"line":34,"column":10},"end":{"line":34,"column":40}},"26":{"start":{"line":34,"column":27},"end":{"line":34,"column":40}},"27":{"start":{"line":35,"column":10},"end":{"line":35,"column":45}},"28":{"start":{"line":40,"column":4},"end":{"line":42,"column":7}},"29":{"start":{"line":41,"column":6},"end":{"line":41,"column":92}},"30":{"start":{"line":44,"column":4},"end":{"line":44,"column":63}},"31":{"start":{"line":44,"column":31},"end":{"line":44,"column":61}},"32":{"start":{"line":45,"column":4},"end":{"line":45,"column":69}},"33":{"start":{"line":45,"column":34},"end":{"line":45,"column":67}},"34":{"start":{"line":47,"column":4},"end":{"line":47,"column":27}},"35":{"start":{"line":48,"column":4},"end":{"line":48,"column":18}},"36":{"start":{"line":50,"column":4},"end":{"line":50,"column":109}},"37":{"start":{"line":51,"column":4},"end":{"line":51,"column":18}},"38":{"start":{"line":52,"column":4},"end":{"line":52,"column":16}},"39":{"start":{"line":54,"column":4},"end":{"line":54,"column":25}},"40":{"start":{"line":62,"column":2},"end":{"line":62,"column":41}},"41":{"start":{"line":69,"column":2},"end":{"line":76,"column":3}},"42":{"start":{"line":70,"column":18},"end":{"line":70,"column":28}},"43":{"start":{"line":71,"column":4},"end":{"line":73,"column":5}},"44":{"start":{"line":72,"column":6},"end":{"line":72,"column":34}},"45":{"start":{"line":75,"column":4},"end":{"line":75,"column":98}},"46":{"start":{"line":79,"column":2},"end":{"line":79,"column":30}},"47":{"start":{"line":83,"column":2},"end":{"line":95,"column":3}},"48":{"start":{"line":84,"column":18},"end":{"line":84,"column":28}},"49":{"start":{"line":85,"column":4},"end":{"line":92,"column":5}},"50":{"start":{"line":86,"column":6},"end":{"line":90,"column":7}},"51":{"start":{"line":87,"column":8},"end":{"line":87,"column":43}},"52":{"start":{"line":89,"column":8},"end":{"line":89,"column":36}},"53":{"start":{"line":91,"column":6},"end":{"line":91,"column":18}},"54":{"start":{"line":94,"column":4},"end":{"line":94,"column":98}},"55":{"start":{"line":98,"column":2},"end":{"line":98,"column":42}},"56":{"start":{"line":99,"column":2},"end":{"line":99,"column":14}},"57":{"start":{"line":103,"column":2},"end":{"line":111,"column":3}},"58":{"start":{"line":104,"column":18},"end":{"line":104,"column":28}},"59":{"start":{"line":105,"column":4},"end":{"line":105,"column":50}},"60":{"start":{"line":105,"column":37},"end":{"line":105,"column":50}},"61":{"start":{"line":106,"column":4},"end":{"line":106,"column":26}},"62":{"start":{"line":107,"column":4},"end":{"line":107,"column":16}},"63":{"start":{"line":109,"column":4},"end":{"line":109,"column":79}},"64":{"start":{"line":110,"column":4},"end":{"line":110,"column":17}}},"fnMap":{"0":{"name":"connectRedis","decl":{"start":{"line":12,"column":22},"end":{"line":12,"column":34}},"loc":{"start":{"line":12,"column":34},"end":{"line":56,"column":1}}},"1":{"name":"(anonymous_1)","decl":{"start":{"line":20,"column":24},"end":{"line":20,"column":31}},"loc":{"start":{"line":20,"column":35},"end":{"line":20,"column":59}}},"2":{"name":"(anonymous_2)","decl":{"start":{"line":33,"column":27},"end":{"line":33,"column":28}},"loc":{"start":{"line":33,"column":39},"end":{"line":36,"column":9}}},"3":{"name":"(anonymous_3)","decl":{"start":{"line":40,"column":23},"end":{"line":40,"column":24}},"loc":{"start":{"line":40,"column":31},"end":{"line":42,"column":5}}},"4":{"name":"(anonymous_4)","decl":{"start":{"line":44,"column":25},"end":{"line":44,"column":28}},"loc":{"start":{"line":44,"column":31},"end":{"line":44,"column":61}}},"5":{"name":"(anonymous_5)","decl":{"start":{"line":45,"column":28},"end":{"line":45,"column":31}},"loc":{"start":{"line":45,"column":34},"end":{"line":45,"column":67}}},"6":{"name":"getRedis","decl":{"start":{"line":61,"column":16},"end":{"line":61,"column":24}},"loc":{"start":{"line":61,"column":24},"end":{"line":63,"column":1}}},"7":{"name":"safeRedisGet","decl":{"start":{"line":68,"column":22},"end":{"line":68,"column":34}},"loc":{"start":{"line":68,"column":46},"end":{"line":80,"column":1}}},"8":{"name":"safeRedisSet","decl":{"start":{"line":82,"column":22},"end":{"line":82,"column":34}},"loc":{"start":{"line":82,"column":75},"end":{"line":100,"column":1}}},"9":{"name":"safeRedisDel","decl":{"start":{"line":102,"column":22},"end":{"line":102,"column":34}},"loc":{"start":{"line":102,"column":49},"end":{"line":112,"column":1}}}},"branchMap":{"0":{"loc":{"start":{"line":13,"column":2},"end":{"line":15,"column":3}},"type":"if","locations":[{"start":{"line":13,"column":2},"end":{"line":15,"column":3}}]},"1":{"loc":{"start":{"line":16,"column":2},"end":{"line":16,"column":37}},"type":"if","locations":[{"start":{"line":16,"column":2},"end":{"line":16,"column":37}}]},"2":{"loc":{"start":{"line":17,"column":2},"end":{"line":23,"column":3}},"type":"if","locations":[{"start":{"line":17,"column":2},"end":{"line":23,"column":3}}]},"3":{"loc":{"start":{"line":22,"column":4},"end":{"line":22,"column":39}},"type":"if","locations":[{"start":{"line":22,"column":4},"end":{"line":22,"column":39}}]},"4":{"loc":{"start":{"line":27,"column":16},"end":{"line":27,"column":60}},"type":"binary-expr","locations":[{"start":{"line":27,"column":16},"end":{"line":27,"column":32}},{"start":{"line":27,"column":36},"end":{"line":27,"column":60}}]},"5":{"loc":{"start":{"line":34,"column":10},"end":{"line":34,"column":40}},"type":"if","locations":[{"start":{"line":34,"column":10},"end":{"line":34,"column":40}}]},"6":{"loc":{"start":{"line":62,"column":9},"end":{"line":62,"column":40}},"type":"cond-expr","locations":[{"start":{"line":62,"column":27},"end":{"line":62,"column":33}},{"start":{"line":62,"column":36},"end":{"line":62,"column":40}}]},"7":{"loc":{"start":{"line":71,"column":4},"end":{"line":73,"column":5}},"type":"if","locations":[{"start":{"line":71,"column":4},"end":{"line":73,"column":5}}]},"8":{"loc":{"start":{"line":85,"column":4},"end":{"line":92,"column":5}},"type":"if","locations":[{"start":{"line":85,"column":4},"end":{"line":92,"column":5}}]},"9":{"loc":{"start":{"line":86,"column":6},"end":{"line":90,"column":7}},"type":"if","locations":[{"start":{"line":86,"column":6},"end":{"line":90,"column":7}},{"start":{"line":88,"column":13},"end":{"line":90,"column":7}}]},"10":{"loc":{"start":{"line":98,"column":30},"end":{"line":98,"column":40}},"type":"binary-expr","locations":[{"start":{"line":98,"column":30},"end":{"line":98,"column":33}},{"start":{"line":98,"column":37},"end":{"line":98,"column":40}}]},"11":{"loc":{"start":{"line":105,"column":4},"end":{"line":105,"column":50}},"type":"if","locations":[{"start":{"line":105,"column":4},"end":{"line":105,"column":50}}]},"12":{"loc":{"start":{"line":105,"column":8},"end":{"line":105,"column":35}},"type":"binary-expr","locations":[{"start":{"line":105,"column":8},"end":{"line":105,"column":14}},{"start":{"line":105,"column":18},"end":{"line":105,"column":35}}]}},"s":{"0":1,"1":1,"2":1,"3":1,"4":1,"5":1,"6":1,"7":1,"8":1,"9":1,"10":1,"11":0,"12":0,"13":0,"14":0,"15":0,"16":0,"17":0,"18":0,"19":0,"20":0,"21":0,"22":0,"23":0,"24":0,"25":0,"26":0,"27":0,"28":0,"29":0,"30":0,"31":0,"32":0,"33":0,"34":0,"35":0,"36":0,"37":0,"38":0,"39":0,"40":0,"41":0,"42":0,"43":0,"44":0,"45":0,"46":0,"47":0,"48":0,"49":0,"50":0,"51":0,"52":0,"53":0,"54":0,"55":0,"56":0,"57":0,"58":0,"59":0,"60":0,"61":0,"62":0,"63":0,"64":0},"f":{"0":0,"1":0,"2":0,"3":0,"4":0,"5":0,"6":0,"7":0,"8":0,"9":0},"b":{"0":[0],"1":[0],"2":[0],"3":[0],"4":[0,0],"5":[0],"6":[0,0],"7":[0],"8":[0],"9":[0,0],"10":[0,0],"11":[0],"12":[0,0]}}
,"/Users/joseph/Documents/Coding/SmartInventoryDB/warehouse-bloom/server/src/validation/auth.schema.ts": {"path":"/Users/joseph/Documents/Coding/SmartInventoryDB/warehouse-bloom/server/src/validation/auth.schema.ts","statementMap":{"0":{"start":{"line":1,"column":0},"end":{"line":1,"column":24}},"1":{"start":{"line":4,"column":13},"end":{"line":7,"column":3}},"2":{"start":{"line":10,"column":13},"end":{"line":13,"column":3}}},"fnMap":{},"branchMap":{},"s":{"0":1,"1":1,"2":1},"f":{},"b":{}}
,"/Users/joseph/Documents/Coding/SmartInventoryDB/warehouse-bloom/server/src/validation/item.schema.ts": {"path":"/Users/joseph/Documents/Coding/SmartInventoryDB/warehouse-bloom/server/src/validation/item.schema.ts","statementMap":{"0":{"start":{"line":1,"column":0},"end":{"line":1,"column":24}},"1":{"start":{"line":4,"column":13},"end":{"line":11,"column":12}},"2":{"start":{"line":14,"column":13},"end":{"line":21,"column":12}},"3":{"start":{"line":24,"column":13},"end":{"line":30,"column":21}}},"fnMap":{},"branchMap":{},"s":{"0":1,"1":1,"2":1,"3":1},"f":{},"b":{}}
}
