TN:
SF:src/app.ts
FN:34,createApp
FN:55,(anonymous_2)
FN:57,(anonymous_3)
FN:69,(anonymous_4)
FN:78,(anonymous_5)
FNF:5
FNH:5
FNDA:1,createApp
FNDA:1,(anonymous_2)
FNDA:45,(anonymous_3)
FNDA:45,(anonymous_4)
FNDA:39,(anonymous_5)
DA:1,1
DA:2,1
DA:3,1
DA:4,1
DA:5,1
DA:6,1
DA:7,1
DA:8,1
DA:9,1
DA:10,1
DA:11,1
DA:12,1
DA:13,1
DA:14,1
DA:15,1
DA:16,1
DA:17,1
DA:18,1
DA:19,1
DA:20,1
DA:21,1
DA:22,1
DA:23,1
DA:24,1
DA:25,1
DA:26,1
DA:27,1
DA:28,1
DA:34,1
DA:35,1
DA:38,1
DA:55,1
DA:56,1
DA:58,45
DA:59,0
DA:60,0
DA:62,0
DA:68,1
DA:70,45
DA:71,45
DA:76,1
DA:80,39
DA:84,1
DA:85,1
DA:86,1
DA:87,1
DA:90,1
DA:91,0
DA:92,0
DA:94,1
DA:97,1
DA:98,1
DA:103,1
DA:104,1
DA:105,1
DA:106,1
DA:107,1
DA:108,1
DA:109,1
DA:110,1
DA:111,1
DA:112,1
DA:113,1
DA:114,1
DA:115,1
DA:116,1
DA:117,1
DA:118,1
DA:121,1
DA:122,1
DA:124,1
LF:71
LH:66
BRDA:55,0,0,1
BRDA:55,0,1,0
BRDA:58,1,0,45
BRDA:59,2,0,0
BRDA:59,3,0,0
BRDA:59,3,1,0
BRDA:70,4,0,0
BRDA:87,5,0,0
BRDA:87,5,1,1
BRDA:90,6,0,0
BRF:10
BRH:3
end_of_record
TN:
SF:src/controllers/alerts.controller.ts
FN:14,getAlerts
FN:50,acknowledgeAlert
FN:64,acknowledgeAllAlerts
FN:73,checkLowStockAlerts
FNF:4
FNH:0
FNDA:0,getAlerts
FNDA:0,acknowledgeAlert
FNDA:0,acknowledgeAllAlerts
FNDA:0,checkLowStockAlerts
DA:2,1
DA:3,1
DA:4,1
DA:5,1
DA:7,1
DA:14,1
DA:15,0
DA:17,0
DA:18,0
DA:19,0
DA:21,0
DA:36,0
DA:50,1
DA:51,0
DA:53,0
DA:54,0
DA:55,0
DA:57,0
DA:64,1
DA:65,0
DA:70,0
DA:73,1
DA:74,0
DA:75,0
LF:24
LH:9
BRDA:18,0,0,0
BRDA:19,1,0,0
BRDA:54,2,0,0
BRDA:54,2,1,0
BRF:4
BRH:0
end_of_record
TN:
SF:src/controllers/analytics.controller.ts
FN:5,parseDate
FN:11,(anonymous_1)
FNF:2
FNH:0
FNDA:0,parseDate
FNDA:0,(anonymous_1)
DA:2,1
DA:3,1
DA:6,0
DA:7,0
DA:8,0
DA:11,1
DA:12,0
DA:13,0
DA:14,0
DA:19,0
DA:21,0
DA:22,0
LF:12
LH:3
BRDA:6,0,0,0
BRDA:8,1,0,0
BRDA:8,1,1,0
BRF:3
BRH:0
end_of_record
TN:
SF:src/controllers/auth.controller.ts
FN:13,registerUser
FN:38,loginUser
FN:82,verifyMFALogin
FN:129,getCurrentUser
FNF:4
FNH:2
FNDA:15,registerUser
FNDA:15,loginUser
FNDA:0,verifyMFALogin
FNDA:0,getCurrentUser
DA:2,1
DA:3,1
DA:4,1
DA:5,1
DA:6,1
DA:7,1
DA:8,1
DA:13,1
DA:14,15
DA:16,15
DA:17,15
DA:18,0
DA:21,0
DA:24,15
DA:25,15
DA:27,15
DA:38,1
DA:39,15
DA:41,15
DA:42,15
DA:43,0
DA:46,0
DA:50,15
DA:51,15
DA:52,0
DA:55,0
DA:58,15
DA:60,15
DA:68,15
DA:82,1
DA:83,0
DA:88,0
DA:89,0
DA:90,0
DA:91,0
DA:94,0
DA:101,0
DA:102,0
DA:103,0
DA:106,0
DA:108,0
DA:115,0
DA:129,1
DA:133,0
DA:134,0
DA:135,0
DA:138,0
DA:142,0
DA:143,0
DA:144,0
DA:147,0
DA:150,0
LF:52
LH:25
BRDA:17,0,0,0
BRDA:42,1,0,0
BRDA:51,2,0,0
BRDA:63,3,0,0
BRDA:63,3,1,15
BRDA:89,4,0,0
BRDA:89,5,0,0
BRDA:89,5,1,0
BRDA:89,5,2,0
BRDA:101,6,0,0
BRDA:110,7,0,0
BRDA:110,7,1,0
BRDA:134,8,0,0
BRDA:143,9,0,0
BRF:14
BRH:1
end_of_record
TN:
SF:src/controllers/dashboard.controller.ts
FN:5,getDashboardStats
FN:45,getDashboardAlerts
FNF:2
FNH:0
FNDA:0,getDashboardStats
FNDA:0,getDashboardAlerts
DA:2,1
DA:3,1
DA:5,1
DA:6,0
DA:13,0
DA:25,0
DA:33,0
DA:38,0
DA:45,1
DA:46,0
DA:48,0
DA:60,0
DA:65,0
LF:13
LH:4
BRDA:30,0,0,0
BRDA:30,0,1,0
BRF:2
BRH:0
end_of_record
TN:
SF:src/controllers/invitations.controller.ts
FN:14,createInvitation
FN:31,listInvitations
FN:44,acceptInvitation
FNF:3
FNH:0
FNDA:0,createInvitation
FNDA:0,listInvitations
FNDA:0,acceptInvitation
DA:2,1
DA:3,1
DA:4,1
DA:5,1
DA:7,1
DA:12,1
DA:14,1
DA:15,0
DA:16,0
DA:17,0
DA:19,0
DA:20,0
DA:22,0
DA:24,0
DA:25,0
DA:27,0
DA:31,1
DA:32,0
DA:33,0
DA:34,0
DA:35,0
DA:37,0
DA:38,0
DA:40,0
DA:44,1
DA:45,0
DA:46,0
DA:47,0
DA:48,0
DA:49,0
DA:51,0
DA:52,0
DA:54,0
DA:55,0
DA:57,0
DA:58,0
DA:63,0
DA:64,0
DA:67,0
DA:69,0
DA:70,0
DA:72,0
LF:42
LH:9
BRDA:16,0,0,0
BRDA:24,1,0,0
BRDA:34,2,0,0
BRDA:48,3,0,0
BRDA:51,4,0,0
BRDA:63,5,0,0
BRDA:63,5,1,0
BRDA:69,6,0,0
BRF:8
BRH:0
end_of_record
TN:
SF:src/controllers/items.controller.ts
FN:12,getItems
FN:47,createItem
FN:61,(anonymous_2)
FN:84,getItemById
FN:102,updateItemById
FN:124,(anonymous_5)
FN:146,deleteItemById
FN:161,restockItem
FN:180,getLowStock
FNF:9
FNH:0
FNDA:0,getItems
FNDA:0,createItem
FNDA:0,(anonymous_2)
FNDA:0,getItemById
FNDA:0,updateItemById
FNDA:0,(anonymous_5)
FNDA:0,deleteItemById
FNDA:0,restockItem
FNDA:0,getLowStock
DA:2,1
DA:3,1
DA:4,1
DA:5,1
DA:6,1
DA:7,1
DA:12,1
DA:13,0
DA:14,0
DA:15,0
DA:16,0
DA:18,0
DA:25,0
DA:30,0
DA:35,0
DA:36,0
DA:37,0
DA:39,0
DA:40,0
DA:47,1
DA:48,0
DA:49,0
DA:50,0
DA:52,0
DA:54,0
DA:60,0
DA:61,0
DA:62,0
DA:67,0
DA:69,0
DA:70,0
DA:74,0
DA:77,0
DA:84,1
DA:85,0
DA:87,0
DA:88,0
DA:89,0
DA:90,0
DA:93,0
DA:102,1
DA:103,0
DA:104,0
DA:105,0
DA:107,0
DA:108,0
DA:109,0
DA:110,0
DA:114,0
DA:115,0
DA:118,0
DA:123,0
DA:124,0
DA:125,0
DA:130,0
DA:132,0
DA:133,0
DA:137,0
DA:139,0
DA:146,1
DA:147,0
DA:149,0
DA:150,0
DA:151,0
DA:152,0
DA:155,0
DA:161,1
DA:162,0
DA:163,0
DA:165,0
DA:166,0
DA:167,0
DA:168,0
DA:171,0
DA:180,1
DA:181,0
DA:182,0
LF:77
LH:13
BRDA:15,0,0,0
BRDA:15,1,0,0
BRDA:35,2,0,0
BRDA:36,3,0,0
BRDA:36,3,1,0
BRDA:60,4,0,0
BRDA:61,5,0,0
BRDA:61,5,1,0
BRDA:69,6,0,0
BRDA:88,7,0,0
BRDA:108,8,0,0
BRDA:114,9,0,0
BRDA:123,10,0,0
BRDA:124,11,0,0
BRDA:124,11,1,0
BRDA:132,12,0,0
BRDA:150,13,0,0
BRDA:166,14,0,0
BRF:18
BRH:0
end_of_record
TN:
SF:src/controllers/notification.controller.ts
FN:6,listNotifications
FN:12,unreadCount
FN:20,markNotificationRead
FN:30,markAllNotificationsRead
FNF:4
FNH:0
FNDA:0,listNotifications
FNDA:0,unreadCount
FNDA:0,markNotificationRead
FNDA:0,markAllNotificationsRead
DA:2,1
DA:3,1
DA:4,1
DA:6,1
DA:7,0
DA:8,0
DA:9,0
DA:12,1
DA:13,0
DA:14,0
DA:15,0
DA:18,1
DA:20,1
DA:21,0
DA:22,0
DA:23,0
DA:24,0
DA:26,0
DA:30,1
DA:31,0
DA:32,0
LF:21
LH:8
BRF:0
BRH:0
end_of_record
TN:
SF:src/controllers/orders.controller.ts
FN:19,listOrders
FN:39,getOrder
FN:46,createOrder
FN:65,updateOrderStatus
FNF:4
FNH:0
FNDA:0,listOrders
FNDA:0,getOrder
FNDA:0,createOrder
FNDA:0,updateOrderStatus
DA:2,1
DA:3,1
DA:4,1
DA:6,1
DA:13,1
DA:17,1
DA:19,1
DA:20,0
DA:21,0
DA:22,0
DA:23,0
DA:24,0
DA:25,0
DA:29,0
DA:31,0
DA:32,0
DA:33,0
DA:35,0
DA:39,1
DA:40,0
DA:41,0
DA:42,0
DA:43,0
DA:46,1
DA:47,0
DA:48,0
DA:49,0
DA:50,0
DA:51,0
DA:53,0
DA:54,0
DA:55,0
DA:57,0
DA:58,0
DA:59,0
DA:61,0
DA:65,1
DA:66,0
DA:67,0
DA:68,0
DA:69,0
DA:70,0
DA:71,0
DA:73,0
DA:74,0
DA:75,0
DA:77,0
DA:78,0
DA:79,0
DA:81,0
LF:50
LH:10
BRDA:31,0,0,0
BRDA:42,1,0,0
BRDA:53,2,0,0
BRDA:57,3,0,0
BRDA:73,4,0,0
BRDA:77,5,0,0
BRF:6
BRH:0
end_of_record
TN:
SF:src/controllers/session.controller.ts
FN:5,getUserSessions
FN:13,revokeSession
FN:27,revokeAllSessions
FNF:3
FNH:0
FNDA:0,getUserSessions
FNDA:0,revokeSession
FNDA:0,revokeAllSessions
DA:2,0
DA:3,0
DA:5,0
DA:6,0
DA:7,0
DA:13,0
DA:14,0
DA:15,0
DA:17,0
DA:18,0
DA:20,0
DA:27,0
DA:28,0
DA:29,0
DA:30,0
LF:15
LH:0
BRDA:17,0,0,0
BRDA:17,0,1,0
BRF:2
BRH:0
end_of_record
TN:
SF:src/controllers/shipments.controller.ts
FN:23,(anonymous_0)
FN:32,listShipments
FN:60,createShipment
FN:72,updateShipmentStatus
FN:81,updateShipment
FN:88,deleteShipment
FN:94,getShipmentStats
FNF:7
FNH:0
FNDA:0,(anonymous_0)
FNDA:0,listShipments
FNDA:0,createShipment
FNDA:0,updateShipmentStatus
FNDA:0,updateShipment
FNDA:0,deleteShipment
FNDA:0,getShipmentStats
DA:2,1
DA:3,1
DA:5,1
DA:13,1
DA:17,1
DA:23,0
DA:25,1
DA:30,1
DA:32,1
DA:33,0
DA:34,0
DA:35,0
DA:36,0
DA:38,0
DA:48,0
DA:60,1
DA:61,0
DA:62,0
DA:69,0
DA:72,1
DA:73,0
DA:74,0
DA:76,0
DA:78,0
DA:81,1
DA:82,0
DA:83,0
DA:84,0
DA:85,0
DA:88,1
DA:89,0
DA:90,0
DA:91,0
DA:94,1
DA:95,0
DA:96,0
LF:36
LH:13
BRDA:67,0,0,0
BRDA:67,0,1,0
BRF:2
BRH:0
end_of_record
TN:
SF:src/controllers/system.controller.ts
FN:7,getSystemStatus
FN:61,getSystemMetrics
FN:83,(anonymous_3)
FN:84,(anonymous_4)
FNF:4
FNH:0
FNDA:0,getSystemStatus
FNDA:0,getSystemMetrics
FNDA:0,(anonymous_3)
FNDA:0,(anonymous_4)
DA:2,1
DA:3,1
DA:4,1
DA:5,1
DA:7,1
DA:8,0
DA:10,0
DA:12,0
DA:13,0
DA:14,0
DA:17,0
DA:18,0
DA:19,0
DA:20,0
DA:21,0
DA:22,0
DA:23,0
DA:24,0
DA:26,0
DA:29,0
DA:32,0
DA:34,0
DA:52,0
DA:54,0
DA:61,1
DA:62,0
DA:68,0
DA:83,0
DA:84,0
DA:85,0
DA:86,0
DA:89,0
DA:90,0
DA:92,0
DA:117,0
DA:119,0
LF:36
LH:6
BRDA:22,0,0,0
BRDA:38,1,0,0
BRDA:38,1,1,0
BRDA:109,2,0,0
BRDA:109,2,1,0
BRDA:110,3,0,0
BRDA:110,3,1,0
BRDA:111,4,0,0
BRDA:111,4,1,0
BRF:9
BRH:0
end_of_record
TN:
SF:src/controllers/user.controller.ts
FN:16,(anonymous_10)
FN:27,(anonymous_11)
FN:40,getUsers
FN:53,getUserById
FN:73,updateUser
FN:116,updatePassword
FN:146,generateBackupCodes
FN:147,(anonymous_17)
FN:150,setupTwoFactor
FN:176,verifyTwoFactor
FN:213,disableTwoFactor
FN:230,deleteUser
FN:247,getUserStats
FNF:13
FNH:9
FNDA:4,(anonymous_10)
FNDA:4,(anonymous_11)
FNDA:0,getUsers
FNDA:1,getUserById
FNDA:4,updateUser
FNDA:4,updatePassword
FNDA:1,generateBackupCodes
FNDA:8,(anonymous_17)
FNDA:1,setupTwoFactor
FNDA:0,verifyTwoFactor
FNDA:1,disableTwoFactor
FNDA:0,deleteUser
FNDA:0,getUserStats
DA:2,1
DA:3,1
DA:4,1
DA:5,1
DA:6,1
DA:7,1
DA:9,1
DA:17,4
DA:18,3
DA:20,1
DA:23,1
DA:28,4
DA:29,4
DA:31,0
DA:34,1
DA:35,1
DA:40,1
DA:41,0
DA:42,0
DA:53,1
DA:54,1
DA:55,1
DA:56,1
DA:57,0
DA:60,0
DA:62,1
DA:73,1
DA:74,4
DA:75,4
DA:76,4
DA:77,3
DA:78,0
DA:79,0
DA:83,3
DA:86,3
DA:87,3
DA:89,1
DA:90,1
DA:91,1
DA:93,0
DA:95,2
DA:96,0
DA:97,0
DA:99,2
DA:101,1
DA:102,1
DA:103,1
DA:104,1
DA:106,1
DA:107,1
DA:109,0
DA:116,1
DA:117,4
DA:118,4
DA:119,4
DA:120,2
DA:121,0
DA:122,0
DA:124,2
DA:125,2
DA:126,1
DA:127,1
DA:129,1
DA:131,2
DA:132,2
DA:133,2
DA:134,3
DA:136,2
DA:137,2
DA:139,0
DA:147,8
DA:150,1
DA:151,1
DA:152,1
DA:153,0
DA:154,0
DA:157,1
DA:162,1
DA:163,1
DA:164,1
DA:167,1
DA:176,1
DA:180,0
DA:181,0
DA:183,0
DA:184,0
DA:185,0
DA:188,0
DA:189,0
DA:190,0
DA:191,0
DA:194,0
DA:201,0
DA:202,0
DA:203,0
DA:206,0
DA:207,0
DA:213,1
DA:214,1
DA:215,1
DA:216,0
DA:217,0
DA:220,1
DA:221,1
DA:224,1
DA:230,1
DA:231,0
DA:233,0
DA:234,0
DA:235,0
DA:238,0
DA:241,0
DA:247,1
DA:251,0
DA:253,0
LF:115
LH:74
BRDA:17,0,0,3
BRDA:17,1,0,4
BRDA:17,1,1,3
BRDA:28,2,0,4
BRDA:56,3,0,0
BRDA:77,4,0,0
BRDA:77,5,0,3
BRDA:77,5,1,0
BRDA:89,6,0,1
BRDA:95,7,0,0
BRDA:101,8,0,1
BRDA:104,9,0,1
BRDA:104,10,0,1
BRDA:104,10,1,1
BRDA:120,11,0,0
BRDA:125,12,0,1
BRDA:131,13,0,2
BRDA:134,14,0,3
BRDA:134,15,0,3
BRDA:134,15,1,3
BRDA:146,16,0,1
BRDA:152,17,0,0
BRDA:183,18,0,0
BRDA:189,19,0,0
BRDA:201,20,0,0
BRDA:215,21,0,0
BRDA:234,22,0,0
BRF:27
BRH:16
end_of_record
TN:
SF:src/controllers/users.controller.ts
FN:5,getUsers
FNF:1
FNH:0
FNDA:0,getUsers
DA:2,1
DA:3,1
DA:5,1
DA:6,0
DA:7,0
DA:21,0
DA:26,0
LF:7
LH:3
BRF:0
BRH:0
end_of_record
TN:
SF:src/middlewares/errorHandler.ts
FN:11,errorHandler
FN:16,(anonymous_1)
FNF:2
FNH:0
FNDA:0,errorHandler
FNDA:0,(anonymous_1)
DA:2,1
DA:3,1
DA:4,1
DA:5,1
DA:11,1
DA:12,0
DA:15,0
DA:16,0
DA:17,0
DA:18,0
DA:21,0
DA:26,0
DA:30,0
DA:31,0
DA:32,0
DA:36,0
DA:38,0
DA:39,0
DA:43,0
DA:48,0
DA:49,0
DA:53,0
DA:57,0
LF:23
LH:5
BRDA:15,0,0,0
BRDA:30,1,0,0
BRDA:31,2,0,0
BRDA:38,3,0,0
BRDA:48,4,0,0
BRF:5
BRH:0
end_of_record
TN:
SF:src/middlewares/notFound.ts
FN:6,notFoundHandler
FNF:1
FNH:0
FNDA:0,notFoundHandler
DA:6,1
DA:7,0
LF:2
LH:1
BRF:0
BRH:0
end_of_record
TN:
SF:src/middlewares/performance.ts
FN:8,performanceMonitor
FN:11,(anonymous_1)
FN:48,memoryMonitor
FN:66,requestSizeLimiter
FN:67,(anonymous_4)
FN:84,smartCompression
FN:87,(anonymous_6)
FN:102,healthCheck
FN:106,(anonymous_8)
FN:106,(anonymous_9)
FNF:10
FNH:1
FNDA:0,performanceMonitor
FNDA:0,(anonymous_1)
FNDA:0,memoryMonitor
FNDA:0,requestSizeLimiter
FNDA:0,(anonymous_4)
FNDA:0,smartCompression
FNDA:0,(anonymous_6)
FNDA:45,healthCheck
FNDA:0,(anonymous_8)
FNDA:0,(anonymous_9)
DA:2,1
DA:3,1
DA:8,1
DA:9,0
DA:11,0
DA:12,0
DA:13,0
DA:14,0
DA:17,0
DA:18,0
DA:29,0
DA:30,0
DA:31,0
DA:32,0
DA:33,0
DA:34,0
DA:35,0
DA:42,0
DA:48,1
DA:49,0
DA:52,0
DA:53,0
DA:60,0
DA:66,1
DA:67,0
DA:68,0
DA:70,0
DA:71,0
DA:77,0
DA:84,1
DA:85,0
DA:87,0
DA:89,0
DA:90,0
DA:93,0
DA:96,0
DA:102,1
DA:103,45
DA:104,0
DA:105,0
DA:106,0
DA:107,0
DA:119,0
DA:121,0
DA:126,0
DA:130,45
LF:46
LH:9
BRDA:17,0,0,0
BRDA:31,1,0,0
BRDA:52,2,0,0
BRDA:66,3,0,0
BRDA:68,4,0,0
BRDA:68,4,1,0
BRDA:70,5,0,0
BRDA:89,6,0,0
BRDA:89,7,0,0
BRDA:89,7,1,0
BRDA:103,8,0,0
BRDA:106,9,0,0
BRDA:106,9,1,0
BRDA:107,10,0,0
BRDA:107,10,1,0
BRDA:108,11,0,0
BRDA:108,11,1,0
BRDA:111,12,0,0
BRDA:111,12,1,0
BRDA:124,13,0,0
BRDA:124,13,1,0
BRF:21
BRH:0
end_of_record
TN:
SF:src/middlewares/rateLimiter.ts
FN:14,(anonymous_1)
FN:28,(anonymous_2)
FN:51,(anonymous_3)
FN:58,(anonymous_4)
FN:69,(anonymous_5)
FN:122,createRateLimiter
FNF:6
FNH:1
FNDA:0,(anonymous_1)
FNDA:0,(anonymous_2)
FNDA:0,(anonymous_3)
FNDA:0,(anonymous_4)
FNDA:75,(anonymous_5)
FNDA:0,createRateLimiter
DA:1,1
DA:2,1
DA:3,1
DA:11,0
DA:12,0
DA:15,0
DA:16,0
DA:17,0
DA:18,0
DA:20,0
DA:21,0
DA:22,0
DA:24,0
DA:29,0
DA:31,0
DA:34,0
DA:35,0
DA:37,0
DA:38,0
DA:39,0
DA:41,0
DA:42,0
DA:43,0
DA:45,0
DA:52,0
DA:54,0
DA:55,0
DA:59,0
DA:61,0
DA:62,0
DA:69,75
DA:71,1
DA:122,1
DA:123,0
DA:124,0
LF:35
LH:6
BRDA:14,0,0,0
BRDA:20,1,0,0
BRDA:29,2,0,0
BRDA:29,3,0,0
BRDA:29,3,1,0
BRDA:47,4,0,0
BRDA:47,4,1,0
BRDA:52,5,0,0
BRDA:52,6,0,0
BRDA:52,6,1,0
BRDA:59,7,0,0
BRDA:59,8,0,0
BRDA:59,8,1,0
BRDA:71,9,0,1
BRDA:71,9,1,0
BRDA:123,10,0,0
BRDA:125,11,0,0
BRDA:125,11,1,0
BRDA:126,12,0,0
BRDA:126,12,1,0
BRF:20
BRH:1
end_of_record
TN:
SF:src/middlewares/requireAdmin.ts
FN:7,requireAdmin
FNF:1
FNH:0
FNDA:0,requireAdmin
DA:2,1
DA:7,1
DA:8,0
DA:9,0
DA:13,0
DA:16,0
DA:17,0
DA:21,0
DA:24,0
LF:9
LH:2
BRDA:8,0,0,0
BRDA:16,1,0,0
BRF:2
BRH:0
end_of_record
TN:
SF:src/middlewares/requireAuth.ts
FN:9,requireAuth
FN:49,authenticate
FNF:2
FNH:1
FNDA:15,requireAuth
FNDA:0,authenticate
DA:2,1
DA:3,1
DA:9,1
DA:10,15
DA:12,15
DA:13,15
DA:17,15
DA:18,4
DA:22,4
DA:26,11
DA:29,11
DA:31,11
DA:34,0
DA:35,0
DA:37,0
DA:49,1
DA:50,0
DA:51,0
DA:52,0
DA:53,0
DA:57,0
DA:58,0
DA:60,0
DA:62,0
LF:24
LH:13
BRDA:13,0,0,0
BRDA:13,0,1,15
BRDA:17,1,0,4
BRDA:34,2,0,0
BRDA:52,3,0,0
BRF:5
BRH:2
end_of_record
TN:
SF:src/routes/alerts.routes.ts
FNF:0
FNH:0
DA:1,1
DA:2,1
DA:3,1
DA:5,1
DA:7,1
DA:8,1
DA:9,1
DA:10,1
LF:8
LH:8
BRF:0
BRH:0
end_of_record
TN:
SF:src/routes/analytics.routes.ts
FNF:0
FNH:0
DA:1,1
DA:2,1
DA:4,1
DA:8,1
DA:10,1
LF:5
LH:5
BRF:0
BRH:0
end_of_record
TN:
SF:src/routes/auth.routes.ts
FN:41,(anonymous_0)
FNF:1
FNH:0
FNDA:0,(anonymous_0)
DA:1,1
DA:2,1
DA:3,1
DA:5,1
DA:14,1
DA:23,1
DA:32,1
DA:41,1
DA:42,0
DA:43,0
DA:54,1
LF:11
LH:9
BRF:0
BRH:0
end_of_record
TN:
SF:src/routes/dashboard.routes.ts
FNF:0
FNH:0
DA:1,1
DA:2,1
DA:3,1
DA:5,1
DA:7,1
DA:8,1
LF:6
LH:6
BRF:0
BRH:0
end_of_record
TN:
SF:src/routes/events.routes.ts
FN:7,(anonymous_0)
FN:21,(anonymous_1)
FN:25,(anonymous_2)
FN:29,(anonymous_3)
FNF:4
FNH:0
FNDA:0,(anonymous_0)
FNDA:0,(anonymous_1)
FNDA:0,(anonymous_2)
FNDA:0,(anonymous_3)
DA:1,1
DA:2,1
DA:4,1
DA:7,1
DA:8,0
DA:9,0
DA:10,0
DA:11,0
DA:13,0
DA:14,0
DA:15,0
DA:16,0
DA:17,0
DA:19,0
DA:20,0
DA:21,0
DA:22,0
DA:25,0
DA:26,0
DA:29,0
DA:30,0
DA:31,0
DA:32,0
DA:33,0
LF:24
LH:4
BRDA:14,0,0,0
BRF:1
BRH:0
end_of_record
TN:
SF:src/routes/invitations.routes.ts
FNF:0
FNH:0
DA:1,1
DA:2,1
DA:3,1
DA:5,1
DA:8,1
DA:9,1
DA:12,1
LF:7
LH:7
BRF:0
BRH:0
end_of_record
TN:
SF:src/routes/items.routes.ts
FNF:0
FNH:0
DA:1,1
DA:2,1
DA:3,1
DA:5,1
DA:14,1
DA:23,1
DA:32,1
DA:41,1
DA:50,1
DA:59,1
DA:62,1
LF:11
LH:11
BRF:0
BRH:0
end_of_record
TN:
SF:src/routes/notifications.routes.ts
FNF:0
FNH:0
DA:1,1
DA:2,1
DA:3,1
DA:5,1
DA:6,1
DA:7,1
DA:8,1
DA:9,1
DA:11,1
LF:9
LH:9
BRF:0
BRH:0
end_of_record
TN:
SF:src/routes/orders.routes.ts
FNF:0
FNH:0
DA:1,1
DA:2,1
DA:3,1
DA:5,1
DA:7,1
DA:8,1
DA:9,1
DA:10,1
LF:8
LH:8
BRF:0
BRH:0
end_of_record
TN:
SF:src/routes/search.routes.ts
FN:21,(anonymous_0)
FNF:1
FNH:0
FNDA:0,(anonymous_0)
DA:1,1
DA:2,1
DA:3,1
DA:4,1
DA:5,1
DA:7,1
DA:9,1
DA:21,1
DA:22,0
DA:23,0
DA:26,0
DA:27,0
DA:36,0
DA:45,0
DA:46,0
DA:49,1
LF:16
LH:9
BRDA:26,0,0,0
BRDA:26,0,1,0
BRDA:32,1,0,0
BRDA:32,1,1,0
BRDA:40,2,0,0
BRDA:40,2,1,0
BRF:6
BRH:0
end_of_record
TN:
SF:src/routes/session.routes.ts
FNF:0
FNH:0
DA:1,0
DA:2,0
DA:3,0
DA:5,0
DA:7,0
DA:8,0
DA:9,0
LF:7
LH:0
BRF:0
BRH:0
end_of_record
TN:
SF:src/routes/settings.routes.ts
FN:9,(anonymous_0)
FN:17,(anonymous_1)
FN:24,(anonymous_2)
FN:31,(anonymous_3)
FN:39,(anonymous_4)
FN:42,(anonymous_5)
FN:52,(anonymous_6)
FN:57,(anonymous_7)
FN:61,(anonymous_8)
FN:62,(anonymous_9)
FN:72,(anonymous_10)
FN:80,(anonymous_11)
FN:86,(anonymous_12)
FNF:13
FNH:0
FNDA:0,(anonymous_0)
FNDA:0,(anonymous_1)
FNDA:0,(anonymous_2)
FNDA:0,(anonymous_3)
FNDA:0,(anonymous_4)
FNDA:0,(anonymous_5)
FNDA:0,(anonymous_6)
FNDA:0,(anonymous_7)
FNDA:0,(anonymous_8)
FNDA:0,(anonymous_9)
FNDA:0,(anonymous_10)
FNDA:0,(anonymous_11)
FNDA:0,(anonymous_12)
DA:1,1
DA:2,1
DA:3,1
DA:4,1
DA:5,1
DA:7,1
DA:9,1
DA:10,0
DA:17,0
DA:18,0
DA:19,0
DA:21,0
DA:24,1
DA:25,0
DA:26,0
DA:31,0
DA:32,0
DA:33,0
DA:34,0
DA:36,0
DA:39,1
DA:40,0
DA:41,0
DA:42,0
DA:43,0
DA:49,0
DA:52,1
DA:54,0
DA:57,1
DA:58,0
DA:59,0
DA:60,0
DA:61,0
DA:62,0
DA:63,0
DA:69,0
DA:72,1
DA:73,0
DA:77,0
DA:80,1
DA:81,0
DA:82,0
DA:83,0
DA:86,1
DA:87,0
DA:88,0
LF:46
LH:14
BRF:0
BRH:0
end_of_record
TN:
SF:src/routes/shipments.routes.ts
FNF:0
FNH:0
DA:1,1
DA:2,1
DA:3,1
DA:5,1
DA:7,1
DA:8,1
DA:9,1
DA:10,1
DA:11,1
DA:12,1
LF:10
LH:10
BRF:0
BRH:0
end_of_record
TN:
SF:src/routes/status.routes.ts
FN:12,(anonymous_0)
FN:85,(anonymous_1)
FN:124,(anonymous_2)
FN:125,(anonymous_3)
FNF:4
FNH:0
FNDA:0,(anonymous_0)
FNDA:0,(anonymous_1)
FNDA:0,(anonymous_2)
FNDA:0,(anonymous_3)
DA:1,1
DA:2,1
DA:3,1
DA:4,1
DA:5,1
DA:7,1
DA:12,1
DA:13,0
DA:14,0
DA:17,0
DA:18,0
DA:19,0
DA:22,0
DA:23,0
DA:24,0
DA:25,0
DA:26,0
DA:27,0
DA:28,0
DA:29,0
DA:33,0
DA:37,0
DA:42,0
DA:44,0
DA:70,0
DA:85,1
DA:86,0
DA:87,0
DA:94,0
DA:109,0
DA:124,0
DA:126,0
DA:127,0
DA:143,0
LF:34
LH:8
BRDA:26,0,0,0
BRDA:49,1,0,0
BRDA:49,1,1,0
BRDA:50,2,0,0
BRDA:50,2,1,0
BRDA:75,3,0,0
BRDA:75,3,1,0
BRDA:132,4,0,0
BRDA:132,4,1,0
BRDA:133,5,0,0
BRDA:133,5,1,0
BRDA:134,6,0,0
BRDA:134,6,1,0
BRDA:135,7,0,0
BRDA:135,7,1,0
BRF:15
BRH:0
end_of_record
TN:
SF:src/routes/system.routes.ts
FNF:0
FNH:0
DA:1,1
DA:2,1
DA:3,1
DA:5,1
DA:7,1
DA:8,1
LF:6
LH:6
BRF:0
BRH:0
end_of_record
TN:
SF:src/routes/user.routes.ts
FN:21,(anonymous_0)
FN:27,(anonymous_1)
FN:32,(anonymous_2)
FN:65,(anonymous_3)
FN:69,(anonymous_4)
FN:76,(anonymous_5)
FNF:6
FNH:5
FNDA:1,(anonymous_0)
FNDA:4,(anonymous_1)
FNDA:4,(anonymous_2)
FNDA:1,(anonymous_3)
FNDA:0,(anonymous_4)
FNDA:1,(anonymous_5)
DA:1,1
DA:2,1
DA:13,1
DA:14,1
DA:16,1
DA:21,1
DA:23,1
DA:24,1
DA:27,1
DA:28,4
DA:29,4
DA:32,1
DA:33,4
DA:34,4
DA:40,1
DA:45,1
DA:50,1
DA:55,1
DA:60,1
DA:65,1
DA:66,1
DA:67,1
DA:69,1
DA:70,0
DA:71,0
DA:73,1
DA:74,1
DA:75,1
DA:76,1
DA:77,1
DA:78,1
DA:84,1
LF:32
LH:30
BRF:0
BRH:0
end_of_record
TN:
SF:src/routes/users.routes.ts
FNF:0
FNH:0
DA:1,1
DA:2,1
DA:3,1
DA:5,1
DA:7,1
LF:5
LH:5
BRF:0
BRH:0
end_of_record
TN:
SF:src/scripts/setup-triggers.ts
FN:5,setupTriggers
FNF:1
FNH:0
FNDA:0,setupTriggers
DA:1,0
DA:6,0
DA:8,0
DA:50,0
DA:51,0
DA:60,0
DA:82,0
DA:83,0
DA:91,0
DA:94,0
DA:100,0
DA:102,0
DA:104,0
DA:108,0
LF:14
LH:0
BRF:0
BRH:0
end_of_record
TN:
SF:src/services/alert.service.ts
FN:6,(anonymous_0)
FN:51,(anonymous_1)
FN:60,(anonymous_2)
FN:72,(anonymous_3)
FN:103,(anonymous_4)
FN:124,(anonymous_5)
FN:137,(anonymous_6)
FN:150,(anonymous_7)
FNF:8
FNH:0
FNDA:0,(anonymous_0)
FNDA:0,(anonymous_1)
FNDA:0,(anonymous_2)
FNDA:0,(anonymous_3)
FNDA:0,(anonymous_4)
FNDA:0,(anonymous_5)
FNDA:0,(anonymous_6)
FNDA:0,(anonymous_7)
DA:1,1
DA:2,1
DA:3,1
DA:5,1
DA:7,0
DA:9,0
DA:12,0
DA:14,0
DA:16,0
DA:24,0
DA:26,0
DA:30,0
DA:32,0
DA:33,0
DA:44,0
DA:51,0
DA:52,0
DA:55,0
DA:60,0
DA:61,0
DA:62,0
DA:68,0
DA:73,0
DA:74,0
DA:79,0
DA:80,0
DA:90,0
DA:94,0
DA:95,0
DA:99,0
DA:104,0
DA:105,0
DA:109,0
DA:110,0
DA:113,0
DA:117,0
DA:119,0
DA:120,0
DA:125,0
DA:126,0
DA:130,0
DA:132,0
DA:133,0
DA:138,0
DA:139,0
DA:143,0
DA:145,0
DA:146,0
DA:151,0
DA:152,0
DA:153,0
DA:159,0
DA:160,0
DA:163,0
DA:165,0
DA:166,0
DA:168,0
LF:57
LH:4
BRDA:12,0,0,0
BRDA:12,0,1,0
BRDA:14,1,0,0
BRDA:24,2,0,0
BRDA:30,3,0,0
BRDA:32,4,0,0
BRDA:32,4,1,0
BRDA:32,5,0,0
BRDA:32,5,1,0
BRDA:32,6,0,0
BRDA:32,6,1,0
BRDA:61,7,0,0
BRDA:79,8,0,0
BRDA:94,9,0,0
BRDA:109,10,0,0
BRDA:163,11,0,0
BRF:16
BRH:0
end_of_record
TN:
SF:src/services/analytics.service.ts
FN:10,(anonymous_0)
FN:31,(anonymous_1)
FN:54,(anonymous_2)
FN:56,(anonymous_3)
FN:58,(anonymous_4)
FN:60,(anonymous_5)
FN:61,(anonymous_6)
FN:74,(anonymous_7)
FN:80,(anonymous_8)
FNF:9
FNH:0
FNDA:0,(anonymous_0)
FNDA:0,(anonymous_1)
FNDA:0,(anonymous_2)
FNDA:0,(anonymous_3)
FNDA:0,(anonymous_4)
FNDA:0,(anonymous_5)
FNDA:0,(anonymous_6)
FNDA:0,(anonymous_7)
FNDA:0,(anonymous_8)
DA:1,1
DA:2,1
DA:9,1
DA:11,0
DA:12,0
DA:13,0
DA:14,0
DA:17,0
DA:19,0
DA:32,0
DA:33,0
DA:34,0
DA:35,0
DA:36,0
DA:49,0
DA:50,0
DA:51,0
DA:54,0
DA:55,0
DA:56,0
DA:58,0
DA:59,0
DA:60,0
DA:61,0
DA:70,0
DA:71,0
DA:72,0
DA:74,0
DA:80,0
DA:86,0
LF:30
LH:3
BRDA:13,0,0,0
BRDA:14,1,0,0
BRDA:17,2,0,0
BRDA:17,2,1,0
BRDA:28,3,0,0
BRDA:28,3,1,0
BRDA:33,4,0,0
BRDA:34,5,0,0
BRDA:35,6,0,0
BRDA:35,6,1,0
BRDA:49,7,0,0
BRDA:49,7,1,0
BRDA:50,8,0,0
BRDA:50,8,1,0
BRDA:51,9,0,0
BRDA:51,9,1,0
BRDA:54,10,0,0
BRDA:54,10,1,0
BRDA:56,11,0,0
BRDA:56,11,1,0
BRDA:56,12,0,0
BRDA:56,12,1,0
BRDA:63,13,0,0
BRDA:63,13,1,0
BRDA:64,14,0,0
BRDA:64,14,1,0
BRDA:65,15,0,0
BRDA:65,15,1,0
BRDA:66,16,0,0
BRDA:66,16,1,0
BRDA:66,17,0,0
BRDA:66,17,1,0
BRDA:70,18,0,0
BRDA:70,18,1,0
BRDA:71,19,0,0
BRDA:71,19,1,0
BRDA:71,20,0,0
BRDA:71,20,1,0
BRDA:72,21,0,0
BRDA:72,21,1,0
BRDA:91,22,0,0
BRDA:91,22,1,0
BRF:42
BRH:0
end_of_record
TN:
SF:src/services/auth.service.ts
FN:11,(anonymous_0)
FN:34,(anonymous_1)
FN:50,(anonymous_2)
FN:70,(anonymous_3)
FN:89,(anonymous_4)
FNF:5
FNH:4
FNDA:15,(anonymous_0)
FNDA:15,(anonymous_1)
FNDA:0,(anonymous_2)
FNDA:15,(anonymous_3)
FNDA:15,(anonymous_4)
DA:1,1
DA:2,1
DA:7,1
DA:15,15
DA:28,15
DA:37,15
DA:53,0
DA:73,15
DA:93,15
DA:103,15
DA:105,15
DA:106,15
DA:108,15
LF:13
LH:12
BRDA:103,0,0,0
BRDA:106,1,0,0
BRF:2
BRH:0
end_of_record
TN:
SF:src/services/email.service.ts
FN:14,(anonymous_1)
FN:26,(anonymous_2)
FN:42,(anonymous_3)
FN:66,(anonymous_4)
FNF:4
FNH:1
FNDA:1,(anonymous_1)
FNDA:0,(anonymous_2)
FNDA:0,(anonymous_3)
FNDA:0,(anonymous_4)
DA:1,1
DA:15,1
DA:27,0
DA:28,0
DA:35,0
DA:37,0
DA:38,0
DA:43,0
DA:44,0
DA:61,0
DA:62,0
DA:67,0
DA:68,0
DA:83,0
DA:87,1
LF:15
LH:3
BRDA:16,0,0,1
BRDA:16,0,1,1
BRDA:17,1,0,1
BRDA:17,1,1,1
BRDA:29,2,0,0
BRDA:29,2,1,0
BRF:6
BRH:4
end_of_record
TN:
SF:src/services/invitation.service.ts
FN:6,(anonymous_1)
FN:14,(anonymous_2)
FN:43,(anonymous_3)
FN:54,(anonymous_4)
FN:55,(anonymous_5)
FN:70,(anonymous_6)
FNF:6
FNH:0
FNDA:0,(anonymous_1)
FNDA:0,(anonymous_2)
FNDA:0,(anonymous_3)
FNDA:0,(anonymous_4)
FNDA:0,(anonymous_5)
FNDA:0,(anonymous_6)
DA:1,1
DA:2,1
DA:5,1
DA:7,0
DA:15,0
DA:16,0
DA:17,0
DA:19,0
DA:26,0
DA:28,0
DA:29,0
DA:34,0
DA:36,0
DA:37,0
DA:38,0
DA:44,0
DA:45,0
DA:46,0
DA:55,0
DA:56,0
DA:57,0
DA:58,0
DA:59,0
DA:60,0
DA:61,0
DA:62,0
DA:63,0
DA:71,0
DA:72,0
DA:73,0
LF:30
LH:3
BRDA:14,0,0,0
BRDA:16,1,0,0
BRDA:26,2,0,0
BRDA:28,3,0,0
BRDA:45,4,0,0
BRDA:57,5,0,0
BRDA:59,6,0,0
BRDA:60,7,0,0
BRDA:61,8,0,0
BRDA:70,9,0,0
BRDA:72,10,0,0
BRF:11
BRH:0
end_of_record
TN:
SF:src/services/item.service.ts
FN:39,(anonymous_0)
FN:101,(anonymous_1)
FN:113,(anonymous_2)
FN:131,(anonymous_3)
FN:187,(anonymous_4)
FN:214,(anonymous_5)
FN:228,(anonymous_6)
FN:251,(anonymous_7)
FNF:8
FNH:0
FNDA:0,(anonymous_0)
FNDA:0,(anonymous_1)
FNDA:0,(anonymous_2)
FNDA:0,(anonymous_3)
FNDA:0,(anonymous_4)
FNDA:0,(anonymous_5)
FNDA:0,(anonymous_6)
FNDA:0,(anonymous_7)
DA:1,1
DA:2,1
DA:3,1
DA:4,1
DA:5,1
DA:35,1
DA:41,0
DA:42,0
DA:43,0
DA:44,0
DA:45,0
DA:46,0
DA:47,0
DA:51,0
DA:54,0
DA:58,0
DA:60,0
DA:61,0
DA:62,0
DA:63,0
DA:66,0
DA:68,0
DA:71,0
DA:85,0
DA:86,0
DA:87,0
DA:88,0
DA:90,0
DA:92,0
DA:95,0
DA:102,0
DA:114,0
DA:133,0
DA:137,0
DA:138,0
DA:142,0
DA:143,0
DA:147,0
DA:148,0
DA:152,0
DA:167,0
DA:168,0
DA:169,0
DA:170,0
DA:172,0
DA:173,0
DA:176,0
DA:178,0
DA:181,0
DA:188,0
DA:189,0
DA:190,0
DA:192,0
DA:195,0
DA:196,0
DA:197,0
DA:198,0
DA:200,0
DA:202,0
DA:205,0
DA:207,0
DA:215,0
DA:216,0
DA:219,0
DA:229,0
DA:252,0
DA:253,0
DA:255,0
DA:270,0
DA:272,0
LF:70
LH:6
BRDA:44,0,0,0
BRDA:46,1,0,0
BRDA:51,2,0,0
BRDA:51,2,1,0
BRDA:58,3,0,0
BRDA:62,4,0,0
BRDA:66,5,0,0
BRDA:66,5,1,0
BRDA:87,6,0,0
BRDA:92,7,0,0
BRDA:92,7,1,0
BRDA:137,8,0,0
BRDA:142,9,0,0
BRDA:142,10,0,0
BRDA:142,10,1,0
BRDA:147,11,0,0
BRDA:169,12,0,0
BRDA:170,13,0,0
BRDA:170,14,0,0
BRDA:170,14,1,0
BRDA:178,15,0,0
BRDA:178,15,1,0
BRDA:190,16,0,0
BRDA:197,17,0,0
BRDA:202,18,0,0
BRDA:202,18,1,0
BRDA:215,19,0,0
BRDA:228,20,0,0
BRDA:253,21,0,0
BRF:29
BRH:0
end_of_record
TN:
SF:src/services/notification.service.ts
FN:4,(anonymous_0)
FN:12,(anonymous_1)
FN:16,(anonymous_2)
FN:21,(anonymous_3)
FN:26,(anonymous_4)
FNF:5
FNH:0
FNDA:0,(anonymous_0)
FNDA:0,(anonymous_1)
FNDA:0,(anonymous_2)
FNDA:0,(anonymous_3)
FNDA:0,(anonymous_4)
DA:1,1
DA:3,1
DA:5,0
DA:13,0
DA:17,0
DA:18,0
DA:22,0
DA:23,0
DA:27,0
LF:9
LH:2
BRDA:4,0,0,0
BRF:1
BRH:0
end_of_record
TN:
SF:src/services/order.service.ts
FN:17,(anonymous_0)
FN:57,(anonymous_1)
FN:64,(anonymous_2)
FN:66,(anonymous_3)
FN:71,(anonymous_4)
FN:84,(anonymous_5)
FN:90,(anonymous_6)
FN:105,(anonymous_7)
FN:166,(anonymous_8)
FNF:9
FNH:0
FNDA:0,(anonymous_0)
FNDA:0,(anonymous_1)
FNDA:0,(anonymous_2)
FNDA:0,(anonymous_3)
FNDA:0,(anonymous_4)
FNDA:0,(anonymous_5)
FNDA:0,(anonymous_6)
FNDA:0,(anonymous_7)
FNDA:0,(anonymous_8)
DA:1,1
DA:2,1
DA:3,1
DA:4,1
DA:16,1
DA:18,0
DA:19,0
DA:21,0
DA:23,0
DA:24,0
DA:30,0
DA:31,0
DA:34,0
DA:48,0
DA:58,0
DA:66,0
DA:67,0
DA:71,0
DA:74,0
DA:75,0
DA:76,0
DA:77,0
DA:78,0
DA:79,0
DA:84,0
DA:85,0
DA:86,0
DA:90,0
DA:92,0
DA:93,0
DA:95,0
DA:105,0
DA:106,0
DA:107,0
DA:115,0
DA:118,0
DA:119,0
DA:120,0
DA:126,0
DA:144,0
DA:145,0
DA:146,0
DA:147,0
DA:149,0
DA:150,0
DA:151,0
DA:152,0
DA:153,0
DA:154,0
DA:157,0
DA:159,0
DA:163,0
DA:167,0
DA:169,0
DA:170,0
DA:171,0
DA:173,0
DA:177,0
LF:58
LH:5
BRDA:23,0,0,0
BRDA:30,1,0,0
BRDA:76,2,0,0
BRDA:77,3,0,0
BRDA:78,4,0,0
BRDA:144,5,0,0
BRDA:151,6,0,0
BRDA:153,7,0,0
BRDA:159,8,0,0
BRDA:159,8,1,0
BRDA:169,9,0,0
BRDA:173,10,0,0
BRDA:173,10,1,0
BRF:13
BRH:0
end_of_record
TN:
SF:src/services/search.service.ts
FN:30,(anonymous_0)
FN:129,(anonymous_1)
FN:210,(anonymous_2)
FNF:3
FNH:0
FNDA:0,(anonymous_0)
FNDA:0,(anonymous_1)
FNDA:0,(anonymous_2)
DA:1,1
DA:2,1
DA:3,1
DA:23,1
DA:24,1
DA:25,1
DA:31,0
DA:32,0
DA:33,0
DA:36,0
DA:46,0
DA:48,0
DA:50,0
DA:58,0
DA:59,0
DA:61,0
DA:62,0
DA:64,0
DA:65,0
DA:67,0
DA:68,0
DA:72,0
DA:73,0
DA:76,0
DA:79,0
DA:110,0
DA:119,0
DA:120,0
DA:123,0
DA:130,0
DA:131,0
DA:132,0
DA:134,0
DA:136,0
DA:137,0
DA:139,0
DA:141,0
DA:142,0
DA:148,0
DA:149,0
DA:152,0
DA:153,0
DA:156,0
DA:194,0
DA:202,0
DA:204,0
DA:213,0
LF:47
LH:6
BRDA:31,0,0,0
BRDA:48,1,0,0
BRDA:48,2,0,0
BRDA:48,2,1,0
BRDA:58,3,0,0
BRDA:59,4,0,0
BRDA:59,4,1,0
BRDA:59,4,2,0
BRDA:72,5,0,0
BRDA:119,6,0,0
BRDA:130,7,0,0
BRDA:137,8,0,0
BRDA:141,9,0,0
BRDA:148,10,0,0
BRDA:152,11,0,0
BRF:15
BRH:0
end_of_record
TN:
SF:src/services/session.service.ts
FN:13,(anonymous_0)
FN:25,(anonymous_1)
FN:32,(anonymous_2)
FN:39,(anonymous_3)
FN:50,(anonymous_4)
FN:59,(anonymous_5)
FNF:6
FNH:0
FNDA:0,(anonymous_0)
FNDA:0,(anonymous_1)
FNDA:0,(anonymous_2)
FNDA:0,(anonymous_3)
FNDA:0,(anonymous_4)
FNDA:0,(anonymous_5)
DA:1,0
DA:12,0
DA:14,0
DA:22,0
DA:26,0
DA:33,0
DA:40,0
DA:41,0
DA:44,0
DA:46,0
DA:51,0
DA:60,0
DA:61,0
LF:13
LH:0
BRDA:54,0,0,0
BRDA:54,0,1,0
BRF:2
BRH:0
end_of_record
TN:
SF:src/services/shipment.service.ts
FN:7,(anonymous_0)
FN:30,(anonymous_1)
FN:44,(anonymous_2)
FN:66,(anonymous_3)
FN:74,(anonymous_4)
FNF:5
FNH:0
FNDA:0,(anonymous_0)
FNDA:0,(anonymous_1)
FNDA:0,(anonymous_2)
FNDA:0,(anonymous_3)
FNDA:0,(anonymous_4)
DA:1,1
DA:3,1
DA:6,1
DA:14,0
DA:23,0
DA:24,0
DA:27,0
DA:31,0
DA:36,0
DA:37,0
DA:38,0
DA:41,0
DA:51,0
DA:52,0
DA:53,0
DA:55,0
DA:60,0
DA:61,0
DA:63,0
DA:67,0
DA:68,0
DA:69,0
DA:71,0
DA:75,0
DA:82,0
LF:25
LH:3
BRDA:23,0,0,0
BRDA:36,1,0,0
BRDA:52,2,0,0
BRDA:60,3,0,0
BRDA:68,4,0,0
BRF:5
BRH:0
end_of_record
TN:
SF:src/services/supplier.service.ts
FN:13,(anonymous_0)
FN:19,(anonymous_1)
FN:22,(anonymous_2)
FN:25,(anonymous_3)
FNF:4
FNH:0
FNDA:0,(anonymous_0)
FNDA:0,(anonymous_1)
FNDA:0,(anonymous_2)
FNDA:0,(anonymous_3)
DA:1,0
DA:2,0
DA:4,0
DA:12,0
DA:14,0
DA:20,0
DA:23,0
DA:27,0
DA:31,0
DA:32,0
DA:34,0
DA:35,0
LF:12
LH:0
BRDA:15,0,0,0
BRDA:15,0,1,0
BRDA:31,1,0,0
BRDA:31,2,0,0
BRDA:31,2,1,0
BRF:5
BRH:0
end_of_record
TN:
SF:src/services/user.service.ts
FN:19,(anonymous_0)
FN:43,(anonymous_1)
FN:68,(anonymous_2)
FN:106,(anonymous_3)
FN:126,(anonymous_4)
FN:137,(anonymous_5)
FN:150,(anonymous_6)
FN:165,(anonymous_7)
FN:177,(anonymous_8)
FNF:9
FNH:5
FNDA:0,(anonymous_0)
FNDA:1,(anonymous_1)
FNDA:3,(anonymous_2)
FNDA:2,(anonymous_3)
FNDA:1,(anonymous_4)
FNDA:2,(anonymous_5)
FNDA:0,(anonymous_6)
FNDA:0,(anonymous_7)
FNDA:0,(anonymous_8)
DA:1,1
DA:2,1
DA:15,1
DA:20,0
DA:44,1
DA:69,3
DA:70,3
DA:71,2
DA:74,2
DA:75,1
DA:76,1
DA:77,1
DA:81,2
DA:96,1
DA:97,1
DA:99,0
DA:107,2
DA:108,2
DA:112,2
DA:113,2
DA:114,2
DA:115,1
DA:116,1
DA:117,1
DA:119,0
DA:127,1
DA:138,2
DA:151,0
DA:166,0
DA:167,0
DA:168,0
DA:170,0
DA:178,0
DA:187,0
LF:34
LH:24
BRDA:70,0,0,2
BRDA:74,1,0,1
BRDA:74,2,0,2
BRDA:74,2,1,1
BRDA:96,3,0,1
BRDA:112,4,0,0
BRDA:114,5,0,1
BRF:7
BRH:6
end_of_record
TN:
SF:src/types/global.d.ts
FNF:0
FNH:0
LF:0
LH:0
BRF:0
BRH:0
end_of_record
TN:
SF:src/utils/apiResponse.ts
FN:11,createResponse
FNF:1
FNH:1
FNDA:45,createResponse
DA:11,1
DA:12,45
LF:2
LH:2
BRF:0
BRH:0
end_of_record
TN:
SF:src/utils/cache.ts
FN:15,(anonymous_0)
FN:30,(anonymous_1)
FN:43,(anonymous_2)
FN:56,(anonymous_3)
FN:73,(anonymous_4)
FN:91,(anonymous_5)
FN:109,(anonymous_6)
FN:125,(anonymous_7)
FN:128,(anonymous_8)
FN:130,(anonymous_9)
FN:133,(anonymous_10)
FN:140,(anonymous_11)
FN:145,(anonymous_12)
FN:157,(anonymous_13)
FN:160,(anonymous_14)
FN:177,(anonymous_15)
FN:195,(anonymous_16)
FNF:17
FNH:0
FNDA:0,(anonymous_0)
FNDA:0,(anonymous_1)
FNDA:0,(anonymous_2)
FNDA:0,(anonymous_3)
FNDA:0,(anonymous_4)
FNDA:0,(anonymous_5)
FNDA:0,(anonymous_6)
FNDA:0,(anonymous_7)
FNDA:0,(anonymous_8)
FNDA:0,(anonymous_9)
FNDA:0,(anonymous_10)
FNDA:0,(anonymous_11)
FNDA:0,(anonymous_12)
FNDA:0,(anonymous_13)
FNDA:0,(anonymous_14)
FNDA:0,(anonymous_15)
FNDA:0,(anonymous_16)
DA:1,0
DA:2,0
DA:7,0
DA:8,0
DA:9,0
DA:10,0
DA:16,0
DA:17,0
DA:18,0
DA:19,0
DA:20,0
DA:22,0
DA:23,0
DA:31,0
DA:32,0
DA:33,0
DA:34,0
DA:36,0
DA:44,0
DA:45,0
DA:46,0
DA:47,0
DA:49,0
DA:57,0
DA:58,0
DA:59,0
DA:60,0
DA:61,0
DA:62,0
DA:63,0
DA:66,0
DA:78,0
DA:79,0
DA:80,0
DA:83,0
DA:84,0
DA:85,0
DA:92,0
DA:93,0
DA:94,0
DA:95,0
DA:96,0
DA:97,0
DA:99,0
DA:101,0
DA:102,0
DA:110,0
DA:111,0
DA:112,0
DA:114,0
DA:115,0
DA:117,0
DA:118,0
DA:126,0
DA:127,0
DA:128,0
DA:129,0
DA:130,0
DA:132,0
DA:133,0
DA:141,0
DA:142,0
DA:143,0
DA:144,0
DA:145,0
DA:146,0
DA:148,0
DA:150,0
DA:158,0
DA:160,0
DA:161,0
DA:162,0
DA:163,0
DA:164,0
DA:166,0
DA:170,0
DA:171,0
DA:178,0
DA:179,0
DA:180,0
DA:181,0
DA:182,0
DA:183,0
DA:189,0
DA:190,0
DA:196,0
LF:86
LH:0
BRDA:18,0,0,0
BRDA:20,1,0,0
BRDA:20,1,1,0
BRDA:22,2,0,0
BRDA:22,2,1,0
BRDA:30,3,0,0
BRDA:33,4,0,0
BRDA:36,5,0,0
BRDA:36,5,1,0
BRDA:46,6,0,0
BRDA:49,7,0,0
BRDA:49,7,1,0
BRDA:59,8,0,0
BRDA:61,9,0,0
BRDA:66,10,0,0
BRDA:66,10,1,0
BRDA:76,11,0,0
BRDA:79,12,0,0
BRDA:91,13,0,0
BRDA:94,14,0,0
BRDA:96,15,0,0
BRDA:101,16,0,0
BRDA:101,16,1,0
BRDA:109,17,0,0
BRDA:112,18,0,0
BRDA:117,19,0,0
BRDA:117,19,1,0
BRDA:128,20,0,0
BRDA:130,21,0,0
BRDA:130,21,1,0
BRDA:132,22,0,0
BRDA:132,22,1,0
BRDA:140,23,0,0
BRDA:143,24,0,0
BRDA:150,25,0,0
BRDA:150,25,1,0
BRDA:160,26,0,0
BRDA:166,27,0,0
BRDA:166,27,1,0
BRDA:180,28,0,0
BRDA:189,29,0,0
BRDA:189,29,1,0
BRF:42
BRH:0
end_of_record
TN:
SF:src/utils/config.ts
FN:13,(anonymous_9)
FNF:1
FNH:1
FNDA:1,(anonymous_9)
DA:1,1
DA:2,1
DA:14,1
DA:15,1
DA:16,1
DA:17,1
DA:18,1
DA:19,1
DA:20,1
DA:24,1
LF:10
LH:10
BRDA:17,0,0,1
BRDA:17,0,1,0
BRF:2
BRH:1
end_of_record
TN:
SF:src/utils/connectionPool.ts
FN:12,(anonymous_0)
FN:35,(anonymous_1)
FN:48,(anonymous_2)
FN:53,(anonymous_3)
FN:57,(anonymous_4)
FN:62,(anonymous_5)
FN:63,(anonymous_6)
FN:66,(anonymous_7)
FN:73,(anonymous_8)
FN:77,(anonymous_9)
FN:102,(anonymous_10)
FN:106,(anonymous_11)
FN:112,(anonymous_12)
FNF:13
FNH:0
FNDA:0,(anonymous_0)
FNDA:0,(anonymous_1)
FNDA:0,(anonymous_2)
FNDA:0,(anonymous_3)
FNDA:0,(anonymous_4)
FNDA:0,(anonymous_5)
FNDA:0,(anonymous_6)
FNDA:0,(anonymous_7)
FNDA:0,(anonymous_8)
FNDA:0,(anonymous_9)
FNDA:0,(anonymous_10)
FNDA:0,(anonymous_11)
FNDA:0,(anonymous_12)
DA:1,0
DA:2,0
DA:3,0
DA:13,0
DA:35,0
DA:36,0
DA:39,0
DA:49,0
DA:53,0
DA:54,0
DA:57,0
DA:58,0
DA:62,0
DA:63,0
DA:67,0
DA:68,0
DA:70,0
DA:74,0
DA:78,0
DA:79,0
DA:80,0
DA:81,0
DA:83,0
DA:84,0
DA:91,0
DA:93,0
DA:98,0
DA:103,0
DA:107,0
DA:108,0
DA:109,0
DA:113,0
DA:121,0
DA:122,0
LF:34
LH:0
BRDA:29,0,0,0
BRDA:29,0,1,0
BRDA:67,1,0,0
BRDA:83,2,0,0
BRF:4
BRH:0
end_of_record
TN:
SF:src/utils/jwt.ts
FN:13,signToken
FN:29,verifyToken
FNF:2
FNH:2
FNDA:15,signToken
FNDA:11,verifyToken
DA:1,1
DA:2,1
DA:13,1
DA:14,15
DA:16,15
DA:17,15
DA:23,15
DA:29,1
DA:31,11
DA:32,11
LF:10
LH:10
BRDA:14,0,0,15
BRDA:14,0,1,0
BRDA:17,1,0,15
BRDA:17,1,1,0
BRDA:18,2,0,15
BRDA:18,2,1,0
BRDA:31,3,0,11
BRDA:31,3,1,0
BRDA:31,3,2,0
BRF:9
BRH:4
end_of_record
TN:
SF:src/utils/logger.ts
FN:7,(anonymous_0)
FN:10,(anonymous_1)
FN:13,(anonymous_2)
FN:16,(anonymous_3)
FNF:4
FNH:0
FNDA:0,(anonymous_0)
FNDA:0,(anonymous_1)
FNDA:0,(anonymous_2)
FNDA:0,(anonymous_3)
DA:6,1
DA:8,0
DA:11,0
DA:14,0
DA:17,0
DA:18,0
LF:6
LH:1
BRDA:17,0,0,0
BRF:1
BRH:0
end_of_record
TN:
SF:src/utils/mailer.ts
FN:12,getMailer
FN:31,sendMail
FNF:2
FNH:0
FNDA:0,getMailer
FNDA:0,sendMail
DA:1,0
DA:10,0
DA:12,0
DA:13,0
DA:15,0
DA:16,0
DA:17,0
DA:18,0
DA:19,0
DA:21,0
DA:28,0
DA:31,0
DA:32,0
DA:33,0
DA:34,0
LF:15
LH:0
BRDA:13,0,0,0
BRDA:16,1,0,0
BRDA:16,1,1,0
BRDA:25,2,0,0
BRDA:25,2,1,0
BRDA:25,3,0,0
BRDA:25,3,1,0
BRDA:32,4,0,0
BRDA:32,4,1,0
BRF:9
BRH:0
end_of_record
TN:
SF:src/utils/memoryCache.ts
FN:8,(anonymous_0)
FN:12,(anonymous_1)
FN:22,(anonymous_2)
FN:34,(anonymous_3)
FN:38,(anonymous_4)
FN:42,(anonymous_5)
FN:57,(anonymous_6)
FN:66,(anonymous_7)
FNF:8
FNH:1
FNDA:1,(anonymous_0)
FNDA:0,(anonymous_1)
FNDA:0,(anonymous_2)
FNDA:0,(anonymous_3)
FNDA:0,(anonymous_4)
FNDA:0,(anonymous_5)
FNDA:0,(anonymous_6)
FNDA:0,(anonymous_7)
DA:1,1
DA:9,1
DA:10,1
DA:14,0
DA:15,0
DA:18,0
DA:19,0
DA:23,0
DA:24,0
DA:26,0
DA:27,0
DA:28,0
DA:31,0
DA:35,0
DA:39,0
DA:43,0
DA:44,0
DA:46,0
DA:47,0
DA:48,0
DA:49,0
DA:54,0
DA:55,0
DA:56,0
DA:57,0
DA:58,0
DA:61,0
DA:62,0
DA:67,0
DA:74,1
LF:30
LH:4
BRDA:12,0,0,0
BRDA:14,1,0,0
BRDA:24,2,0,0
BRDA:26,3,0,0
BRDA:47,4,0,0
BRDA:54,5,0,0
BRDA:61,6,0,0
BRF:7
BRH:0
end_of_record
TN:
SF:src/utils/password.ts
FN:7,hashPassword
FN:16,comparePassword
FNF:2
FNH:2
FNDA:16,hashPassword
FNDA:17,comparePassword
DA:1,1
DA:2,1
DA:7,1
DA:9,16
DA:10,16
DA:16,1
DA:17,17
LF:7
LH:7
BRDA:9,0,0,16
BRDA:9,0,1,0
BRF:2
BRH:1
end_of_record
TN:
SF:src/utils/pg.ts
FN:6,connectPgListener
FN:15,onPgNotification
FN:17,(anonymous_2)
FNF:3
FNH:0
FNDA:0,connectPgListener
FNDA:0,onPgNotification
FNDA:0,(anonymous_2)
DA:1,0
DA:2,0
DA:4,0
DA:6,0
DA:7,0
DA:8,0
DA:9,0
DA:10,0
DA:11,0
DA:12,0
DA:15,0
DA:16,0
DA:17,0
DA:18,0
DA:19,0
DA:20,0
DA:21,0
LF:17
LH:0
BRDA:7,0,0,0
BRDA:16,1,0,0
BRDA:18,2,0,0
BRDA:18,3,0,0
BRDA:18,3,1,0
BRF:5
BRH:0
end_of_record
TN:
SF:src/utils/prisma.ts
FNF:0
FNH:0
DA:1,1
DA:6,1
LF:2
LH:2
BRF:0
BRH:0
end_of_record
TN:
SF:src/utils/redis.ts
FN:12,connectRedis
FN:20,(anonymous_1)
FN:33,(anonymous_2)
FN:40,(anonymous_3)
FN:44,(anonymous_4)
FN:45,(anonymous_5)
FN:61,getRedis
FN:68,safeRedisGet
FN:82,safeRedisSet
FN:102,safeRedisDel
FNF:10
FNH:0
FNDA:0,connectRedis
FNDA:0,(anonymous_1)
FNDA:0,(anonymous_2)
FNDA:0,(anonymous_3)
FNDA:0,(anonymous_4)
FNDA:0,(anonymous_5)
FNDA:0,getRedis
FNDA:0,safeRedisGet
FNDA:0,safeRedisSet
FNDA:0,safeRedisDel
DA:1,1
DA:2,1
DA:3,1
DA:4,1
DA:6,1
DA:7,1
DA:12,1
DA:13,0
DA:14,0
DA:16,0
DA:17,0
DA:19,0
DA:20,0
DA:22,0
DA:25,0
DA:26,0
DA:27,0
DA:28,0
DA:34,0
DA:35,0
DA:40,0
DA:41,0
DA:44,0
DA:45,0
DA:47,0
DA:48,0
DA:50,0
DA:51,0
DA:52,0
DA:54,0
DA:61,1
DA:62,0
DA:68,1
DA:69,0
DA:70,0
DA:71,0
DA:72,0
DA:75,0
DA:79,0
DA:82,1
DA:83,0
DA:84,0
DA:85,0
DA:86,0
DA:87,0
DA:89,0
DA:91,0
DA:94,0
DA:98,0
DA:99,0
DA:102,1
DA:103,0
DA:104,0
DA:105,0
DA:106,0
DA:107,0
DA:109,0
DA:110,0
LF:58
LH:11
BRDA:13,0,0,0
BRDA:16,1,0,0
BRDA:17,2,0,0
BRDA:22,3,0,0
BRDA:27,4,0,0
BRDA:27,4,1,0
BRDA:34,5,0,0
BRDA:62,6,0,0
BRDA:62,6,1,0
BRDA:71,7,0,0
BRDA:85,8,0,0
BRDA:86,9,0,0
BRDA:86,9,1,0
BRDA:98,10,0,0
BRDA:98,10,1,0
BRDA:105,11,0,0
BRDA:105,12,0,0
BRDA:105,12,1,0
BRF:18
BRH:0
end_of_record
TN:
SF:src/validation/auth.schema.ts
FNF:0
FNH:0
DA:1,1
DA:4,1
DA:10,1
LF:3
LH:3
BRF:0
BRH:0
end_of_record
TN:
SF:src/validation/item.schema.ts
FNF:0
FNH:0
DA:1,1
DA:4,1
DA:14,1
DA:24,1
LF:4
LH:4
BRF:0
BRH:0
end_of_record
